{"/Users/erikobatomi/Documents/Node-v3/lib/rave.banks.js":{"path":"/Users/erikobatomi/Documents/Node-v3/lib/rave.banks.js","statementMap":{"0":{"start":{"line":1,"column":23},"end":{"line":1,"column":71}},"1":{"start":{"line":2,"column":22},"end":{"line":2,"column":69}},"2":{"start":{"line":6,"column":1},"end":{"line":9,"column":2}},"3":{"start":{"line":8,"column":2},"end":{"line":8,"column":40}},"4":{"start":{"line":11,"column":1},"end":{"line":15,"column":2}},"5":{"start":{"line":13,"column":2},"end":{"line":13,"column":39}},"6":{"start":{"line":17,"column":0},"end":{"line":17,"column":22}}},"fnMap":{"0":{"name":"Bank","decl":{"start":{"line":4,"column":9},"end":{"line":4,"column":13}},"loc":{"start":{"line":4,"column":24},"end":{"line":16,"column":1}},"line":4},"1":{"name":"(anonymous_1)","decl":{"start":{"line":6,"column":17},"end":{"line":6,"column":18}},"loc":{"start":{"line":6,"column":33},"end":{"line":9,"column":2}},"line":6},"2":{"name":"(anonymous_2)","decl":{"start":{"line":11,"column":16},"end":{"line":11,"column":17}},"loc":{"start":{"line":11,"column":32},"end":{"line":15,"column":2}},"line":11}},"branchMap":{},"s":{"0":1,"1":1,"2":2,"3":1,"4":2,"5":1,"6":1},"f":{"0":2,"1":1,"2":1},"b":{},"_coverageSchema":"1a1c01bbd47fc00a2c39e90264f33305004495a9","hash":"8e27421519108d9f267ac38265b56466d8775a71","contentHash":"3add6eee30f96b26a8386d0eaa79801d37e3d49c5ec43c47928e1b244bfa87d7"},"/Users/erikobatomi/Documents/Node-v3/services/banks/rave.banks-branches.js":{"path":"/Users/erikobatomi/Documents/Node-v3/services/banks/rave.banks-branches.js","statementMap":{"0":{"start":{"line":2,"column":22},"end":{"line":2,"column":54}},"1":{"start":{"line":3,"column":24},"end":{"line":3,"column":49}},"2":{"start":{"line":6,"column":2},"end":{"line":6,"column":31}},"3":{"start":{"line":7,"column":2},"end":{"line":7,"column":22}},"4":{"start":{"line":8,"column":2},"end":{"line":8,"column":27}},"5":{"start":{"line":9,"column":29},"end":{"line":12,"column":3}},"6":{"start":{"line":14,"column":2},"end":{"line":14,"column":18}},"7":{"start":{"line":17,"column":0},"end":{"line":17,"column":25}}},"fnMap":{"0":{"name":"service","decl":{"start":{"line":5,"column":15},"end":{"line":5,"column":22}},"loc":{"start":{"line":5,"column":36},"end":{"line":15,"column":1}},"line":5}},"branchMap":{},"s":{"0":1,"1":1,"2":1,"3":1,"4":1,"5":1,"6":1,"7":1},"f":{"0":1},"b":{},"_coverageSchema":"1a1c01bbd47fc00a2c39e90264f33305004495a9","hash":"50a0a1c8232143f9e01437b50252776da1d671a7","contentHash":"1d30318cf3bf8f5676b738d60967cf3b3734e0b8e494eae8a7cd5798c4521c28"},"/Users/erikobatomi/Documents/Node-v3/utils/validator.js":{"path":"/Users/erikobatomi/Documents/Node-v3/utils/validator.js","statementMap":{"0":{"start":{"line":1,"column":12},"end":{"line":1,"column":26}},"1":{"start":{"line":2,"column":28},"end":{"line":2,"column":46}},"2":{"start":{"line":4,"column":0},"end":{"line":12,"column":2}},"3":{"start":{"line":5,"column":21},"end":{"line":5,"column":42}},"4":{"start":{"line":6,"column":23},"end":{"line":6,"column":33}},"5":{"start":{"line":8,"column":2},"end":{"line":11,"column":3}},"6":{"start":{"line":9,"column":20},"end":{"line":9,"column":55}},"7":{"start":{"line":9,"column":45},"end":{"line":9,"column":54}},"8":{"start":{"line":10,"column":4},"end":{"line":10,"column":39}}},"fnMap":{"0":{"name":"(anonymous_0)","decl":{"start":{"line":4,"column":20},"end":{"line":4,"column":21}},"loc":{"start":{"line":4,"column":38},"end":{"line":12,"column":1}},"line":4},"1":{"name":"(anonymous_1)","decl":{"start":{"line":9,"column":38},"end":{"line":9,"column":39}},"loc":{"start":{"line":9,"column":45},"end":{"line":9,"column":54}},"line":9}},"branchMap":{"0":{"loc":{"start":{"line":8,"column":2},"end":{"line":11,"column":3}},"type":"if","locations":[{"start":{"line":8,"column":2},"end":{"line":11,"column":3}},{"start":{"line":8,"column":2},"end":{"line":11,"column":3}}],"line":8}},"s":{"0":1,"1":1,"2":1,"3":109,"4":109,"5":109,"6":26,"7":26,"8":26},"f":{"0":109,"1":26},"b":{"0":[26,83]},"_coverageSchema":"1a1c01bbd47fc00a2c39e90264f33305004495a9","hash":"db1abf8ec304359f7e327f6103a6df98c60e9ed5","contentHash":"31eb0815b44cc838c9511ccdf426ae7c9db6cba4f98c6a2d583f806632819183"},"/Users/erikobatomi/Documents/Node-v3/utils/error.js":{"path":"/Users/erikobatomi/Documents/Node-v3/utils/error.js","statementMap":{"0":{"start":{"line":1,"column":21},"end":{"line":1,"column":40}},"1":{"start":{"line":5,"column":4},"end":{"line":5,"column":19}},"2":{"start":{"line":6,"column":4},"end":{"line":6,"column":38}},"3":{"start":{"line":7,"column":4},"end":{"line":7,"column":52}},"4":{"start":{"line":11,"column":24},"end":{"line":17,"column":1}},"5":{"start":{"line":12,"column":2},"end":{"line":16,"column":3}},"6":{"start":{"line":13,"column":4},"end":{"line":13,"column":23}},"7":{"start":{"line":15,"column":4},"end":{"line":15,"column":37}},"8":{"start":{"line":19,"column":0},"end":{"line":19,"column":54}}},"fnMap":{"0":{"name":"(anonymous_0)","decl":{"start":{"line":4,"column":2},"end":{"line":4,"column":3}},"loc":{"start":{"line":4,"column":23},"end":{"line":8,"column":3}},"line":4},"1":{"name":"(anonymous_1)","decl":{"start":{"line":11,"column":24},"end":{"line":11,"column":25}},"loc":{"start":{"line":11,"column":33},"end":{"line":17,"column":1}},"line":11}},"branchMap":{"0":{"loc":{"start":{"line":12,"column":2},"end":{"line":16,"column":3}},"type":"if","locations":[{"start":{"line":12,"column":2},"end":{"line":16,"column":3}},{"start":{"line":12,"column":2},"end":{"line":16,"column":3}}],"line":12}},"s":{"0":1,"1":28,"2":28,"3":28,"4":1,"5":2,"6":1,"7":1,"8":1},"f":{"0":28,"1":2},"b":{"0":[1,1]},"_coverageSchema":"1a1c01bbd47fc00a2c39e90264f33305004495a9","hash":"65e141a90ee00e4fcec6d7722ff18d151a00defb","contentHash":"0bee953b2ef27c044e7b88c93f2eb43df0f6cc3ee94178f689743a6317c01734"},"/Users/erikobatomi/Documents/Node-v3/utils/logger.js":{"path":"/Users/erikobatomi/Documents/Node-v3/utils/logger.js","statementMap":{"0":{"start":{"line":1,"column":14},"end":{"line":1,"column":30}},"1":{"start":{"line":2,"column":20},"end":{"line":2,"column":46}},"2":{"start":{"line":3,"column":45},"end":{"line":3,"column":63}},"3":{"start":{"line":4,"column":63},"end":{"line":4,"column":69}},"4":{"start":{"line":19,"column":20},"end":{"line":31,"column":2}},"5":{"start":{"line":33,"column":0},"end":{"line":33,"column":43}}},"fnMap":{},"branchMap":{},"s":{"0":1,"1":1,"2":1,"3":1,"4":1,"5":1},"f":{},"b":{},"_coverageSchema":"1a1c01bbd47fc00a2c39e90264f33305004495a9","hash":"86feb52f77c1d9cdb50087e5436fb21c3be6dfd9","contentHash":"8b78b4b736b3560c1eea2bb6665fd70c46abf1e5607da724830992f17da9b4dc"},"/Users/erikobatomi/Documents/Node-v3/services/schema/base.js":{"path":"/Users/erikobatomi/Documents/Node-v3/services/schema/base.js","statementMap":{"0":{"start":{"line":1,"column":12},"end":{"line":1,"column":26}},"1":{"start":{"line":4,"column":20},"end":{"line":6,"column":2}},"2":{"start":{"line":9,"column":19},"end":{"line":45,"column":2}},"3":{"start":{"line":48,"column":21},"end":{"line":50,"column":2}},"4":{"start":{"line":53,"column":23},"end":{"line":57,"column":2}},"5":{"start":{"line":59,"column":0},"end":{"line":64,"column":2}}},"fnMap":{},"branchMap":{},"s":{"0":1,"1":1,"2":1,"3":1,"4":1,"5":1},"f":{},"b":{},"_coverageSchema":"1a1c01bbd47fc00a2c39e90264f33305004495a9","hash":"b36c727e3ea25dde34051612f9b9e4b90c4d10fc","contentHash":"3bd032e56eece58174d04dcd5b2b4d36fa32b4dd5be6335be7304991092d62a8"},"/Users/erikobatomi/Documents/Node-v3/services/banks/rave.banks-country.js":{"path":"/Users/erikobatomi/Documents/Node-v3/services/banks/rave.banks-country.js","statementMap":{"0":{"start":{"line":2,"column":22},"end":{"line":2,"column":54}},"1":{"start":{"line":3,"column":23},"end":{"line":3,"column":48}},"2":{"start":{"line":6,"column":2},"end":{"line":6,"column":30}},"3":{"start":{"line":7,"column":2},"end":{"line":7,"column":22}},"4":{"start":{"line":8,"column":2},"end":{"line":8,"column":27}},"5":{"start":{"line":9,"column":29},"end":{"line":12,"column":3}},"6":{"start":{"line":14,"column":2},"end":{"line":14,"column":18}},"7":{"start":{"line":17,"column":0},"end":{"line":17,"column":25}}},"fnMap":{"0":{"name":"service","decl":{"start":{"line":5,"column":15},"end":{"line":5,"column":22}},"loc":{"start":{"line":5,"column":36},"end":{"line":15,"column":1}},"line":5}},"branchMap":{},"s":{"0":1,"1":1,"2":1,"3":1,"4":1,"5":1,"6":1,"7":1},"f":{"0":1},"b":{},"_coverageSchema":"1a1c01bbd47fc00a2c39e90264f33305004495a9","hash":"ff1dafca39ffea3b91b1a94af16ca79023354887","contentHash":"42254411defd35716f8a5d7bd84928198c9de40a54930f07ac9535de3341aa3e"},"/Users/erikobatomi/Documents/Node-v3/lib/rave.base.js":{"path":"/Users/erikobatomi/Documents/Node-v3/lib/rave.base.js","statementMap":{"0":{"start":{"line":1,"column":8},"end":{"line":1,"column":20}},"1":{"start":{"line":2,"column":20},"end":{"line":2,"column":42}},"2":{"start":{"line":3,"column":16},"end":{"line":3,"column":46}},"3":{"start":{"line":4,"column":15},"end":{"line":4,"column":36}},"4":{"start":{"line":6,"column":15},"end":{"line":99,"column":1}},"5":{"start":{"line":7,"column":2},"end":{"line":7,"column":58}},"6":{"start":{"line":8,"column":2},"end":{"line":8,"column":58}},"7":{"start":{"line":10,"column":19},"end":{"line":10,"column":29}},"8":{"start":{"line":11,"column":19},"end":{"line":11,"column":29}},"9":{"start":{"line":12,"column":17},"end":{"line":12,"column":47}},"10":{"start":{"line":15,"column":2},"end":{"line":17,"column":3}},"11":{"start":{"line":16,"column":4},"end":{"line":16,"column":25}},"12":{"start":{"line":19,"column":2},"end":{"line":21,"column":4}},"13":{"start":{"line":20,"column":4},"end":{"line":20,"column":22}},"14":{"start":{"line":23,"column":2},"end":{"line":25,"column":4}},"15":{"start":{"line":24,"column":4},"end":{"line":24,"column":22}},"16":{"start":{"line":27,"column":2},"end":{"line":29,"column":4}},"17":{"start":{"line":28,"column":4},"end":{"line":28,"column":20}},"18":{"start":{"line":31,"column":2},"end":{"line":35,"column":4}},"19":{"start":{"line":32,"column":4},"end":{"line":34,"column":5}},"20":{"start":{"line":33,"column":6},"end":{"line":33,"column":30}},"21":{"start":{"line":37,"column":2},"end":{"line":98,"column":4}},"22":{"start":{"line":38,"column":25},"end":{"line":38,"column":27}},"23":{"start":{"line":39,"column":24},"end":{"line":42,"column":5}},"24":{"start":{"line":43,"column":18},"end":{"line":43,"column":66}},"25":{"start":{"line":44,"column":22},"end":{"line":44,"column":54}},"26":{"start":{"line":45,"column":29},"end":{"line":48,"column":5}},"27":{"start":{"line":51,"column":18},"end":{"line":51,"column":42}},"28":{"start":{"line":54,"column":25},"end":{"line":60,"column":5}},"29":{"start":{"line":63,"column":4},"end":{"line":82,"column":5}},"30":{"start":{"line":64,"column":6},"end":{"line":64,"column":28}},"31":{"start":{"line":65,"column":6},"end":{"line":72,"column":7}},"32":{"start":{"line":66,"column":8},"end":{"line":66,"column":36}},"33":{"start":{"line":67,"column":28},"end":{"line":67,"column":58}},"34":{"start":{"line":68,"column":8},"end":{"line":71,"column":9}},"35":{"start":{"line":69,"column":10},"end":{"line":69,"column":55}},"36":{"start":{"line":70,"column":10},"end":{"line":70,"column":33}},"37":{"start":{"line":75,"column":6},"end":{"line":81,"column":7}},"38":{"start":{"line":77,"column":28},"end":{"line":77,"column":42}},"39":{"start":{"line":78,"column":8},"end":{"line":78,"column":34}},"40":{"start":{"line":79,"column":8},"end":{"line":79,"column":40}},"41":{"start":{"line":80,"column":8},"end":{"line":80,"column":56}},"42":{"start":{"line":85,"column":4},"end":{"line":85,"column":30}},"43":{"start":{"line":86,"column":4},"end":{"line":86,"column":47}},"44":{"start":{"line":87,"column":4},"end":{"line":87,"column":42}},"45":{"start":{"line":88,"column":4},"end":{"line":88,"column":70}},"46":{"start":{"line":89,"column":4},"end":{"line":89,"column":38}},"47":{"start":{"line":90,"column":4},"end":{"line":90,"column":50}},"48":{"start":{"line":92,"column":4},"end":{"line":97,"column":5}},"49":{"start":{"line":93,"column":6},"end":{"line":93,"column":57}},"50":{"start":{"line":94,"column":6},"end":{"line":94,"column":28}},"51":{"start":{"line":96,"column":6},"end":{"line":96,"column":61}},"52":{"start":{"line":101,"column":0},"end":{"line":104,"column":2}},"53":{"start":{"line":102,"column":23},"end":{"line":102,"column":69}},"54":{"start":{"line":103,"column":2},"end":{"line":103,"column":64}},"55":{"start":{"line":106,"column":0},"end":{"line":112,"column":2}},"56":{"start":{"line":107,"column":2},"end":{"line":111,"column":4}},"57":{"start":{"line":114,"column":0},"end":{"line":136,"column":2}},"58":{"start":{"line":115,"column":2},"end":{"line":135,"column":7}},"59":{"start":{"line":117,"column":18},"end":{"line":120,"column":7}},"60":{"start":{"line":122,"column":6},"end":{"line":131,"column":11}},"61":{"start":{"line":125,"column":10},"end":{"line":125,"column":36}},"62":{"start":{"line":128,"column":10},"end":{"line":130,"column":13}},"63":{"start":{"line":129,"column":12},"end":{"line":129,"column":48}},"64":{"start":{"line":134,"column":6},"end":{"line":134,"column":28}},"65":{"start":{"line":138,"column":0},"end":{"line":162,"column":2}},"66":{"start":{"line":139,"column":2},"end":{"line":161,"column":5}},"67":{"start":{"line":140,"column":4},"end":{"line":160,"column":9}},"68":{"start":{"line":142,"column":20},"end":{"line":145,"column":9}},"69":{"start":{"line":147,"column":8},"end":{"line":156,"column":13}},"70":{"start":{"line":150,"column":12},"end":{"line":150,"column":35}},"71":{"start":{"line":153,"column":12},"end":{"line":155,"column":15}},"72":{"start":{"line":154,"column":14},"end":{"line":154,"column":53}},"73":{"start":{"line":159,"column":8},"end":{"line":159,"column":20}},"74":{"start":{"line":164,"column":0},"end":{"line":164,"column":26}}},"fnMap":{"0":{"name":"(anonymous_0)","decl":{"start":{"line":6,"column":15},"end":{"line":6,"column":16}},"loc":{"start":{"line":6,"column":60},"end":{"line":99,"column":1}},"line":6},"1":{"name":"(anonymous_1)","decl":{"start":{"line":19,"column":22},"end":{"line":19,"column":23}},"loc":{"start":{"line":19,"column":34},"end":{"line":21,"column":3}},"line":19},"2":{"name":"(anonymous_2)","decl":{"start":{"line":23,"column":22},"end":{"line":23,"column":23}},"loc":{"start":{"line":23,"column":34},"end":{"line":25,"column":3}},"line":23},"3":{"name":"(anonymous_3)","decl":{"start":{"line":27,"column":20},"end":{"line":27,"column":21}},"loc":{"start":{"line":27,"column":32},"end":{"line":29,"column":3}},"line":27},"4":{"name":"(anonymous_4)","decl":{"start":{"line":31,"column":20},"end":{"line":31,"column":21}},"loc":{"start":{"line":31,"column":44},"end":{"line":35,"column":3}},"line":31},"5":{"name":"(anonymous_5)","decl":{"start":{"line":37,"column":17},"end":{"line":37,"column":18}},"loc":{"start":{"line":37,"column":52},"end":{"line":98,"column":3}},"line":37},"6":{"name":"(anonymous_6)","decl":{"start":{"line":101,"column":29},"end":{"line":101,"column":30}},"loc":{"start":{"line":101,"column":45},"end":{"line":104,"column":1}},"line":101},"7":{"name":"(anonymous_7)","decl":{"start":{"line":106,"column":38},"end":{"line":106,"column":39}},"loc":{"start":{"line":106,"column":54},"end":{"line":112,"column":1}},"line":106},"8":{"name":"(anonymous_8)","decl":{"start":{"line":114,"column":34},"end":{"line":114,"column":35}},"loc":{"start":{"line":114,"column":73},"end":{"line":136,"column":1}},"line":114},"9":{"name":"(anonymous_9)","decl":{"start":{"line":116,"column":10},"end":{"line":116,"column":11}},"loc":{"start":{"line":116,"column":24},"end":{"line":132,"column":5}},"line":116},"10":{"name":"(anonymous_10)","decl":{"start":{"line":124,"column":14},"end":{"line":124,"column":15}},"loc":{"start":{"line":124,"column":24},"end":{"line":126,"column":9}},"line":124},"11":{"name":"(anonymous_11)","decl":{"start":{"line":127,"column":15},"end":{"line":127,"column":16}},"loc":{"start":{"line":127,"column":24},"end":{"line":131,"column":9}},"line":127},"12":{"name":"(anonymous_12)","decl":{"start":{"line":128,"column":38},"end":{"line":128,"column":39}},"loc":{"start":{"line":128,"column":52},"end":{"line":130,"column":11}},"line":128},"13":{"name":"(anonymous_13)","decl":{"start":{"line":133,"column":11},"end":{"line":133,"column":12}},"loc":{"start":{"line":133,"column":20},"end":{"line":135,"column":5}},"line":133},"14":{"name":"(anonymous_14)","decl":{"start":{"line":138,"column":41},"end":{"line":138,"column":42}},"loc":{"start":{"line":138,"column":70},"end":{"line":162,"column":1}},"line":138},"15":{"name":"(anonymous_15)","decl":{"start":{"line":139,"column":21},"end":{"line":139,"column":22}},"loc":{"start":{"line":139,"column":42},"end":{"line":161,"column":3}},"line":139},"16":{"name":"(anonymous_16)","decl":{"start":{"line":141,"column":12},"end":{"line":141,"column":13}},"loc":{"start":{"line":141,"column":26},"end":{"line":157,"column":7}},"line":141},"17":{"name":"(anonymous_17)","decl":{"start":{"line":149,"column":16},"end":{"line":149,"column":17}},"loc":{"start":{"line":149,"column":26},"end":{"line":151,"column":11}},"line":149},"18":{"name":"(anonymous_18)","decl":{"start":{"line":152,"column":17},"end":{"line":152,"column":18}},"loc":{"start":{"line":152,"column":26},"end":{"line":156,"column":11}},"line":152},"19":{"name":"(anonymous_19)","decl":{"start":{"line":153,"column":40},"end":{"line":153,"column":41}},"loc":{"start":{"line":153,"column":54},"end":{"line":155,"column":13}},"line":153},"20":{"name":"(anonymous_20)","decl":{"start":{"line":158,"column":13},"end":{"line":158,"column":14}},"loc":{"start":{"line":158,"column":22},"end":{"line":160,"column":7}},"line":158}},"branchMap":{"0":{"loc":{"start":{"line":15,"column":2},"end":{"line":17,"column":3}},"type":"if","locations":[{"start":{"line":15,"column":2},"end":{"line":17,"column":3}},{"start":{"line":15,"column":2},"end":{"line":17,"column":3}}],"line":15},"1":{"loc":{"start":{"line":15,"column":6},"end":{"line":15,"column":48}},"type":"binary-expr","locations":[{"start":{"line":15,"column":6},"end":{"line":15,"column":15}},{"start":{"line":15,"column":19},"end":{"line":15,"column":48}}],"line":15},"2":{"loc":{"start":{"line":32,"column":4},"end":{"line":34,"column":5}},"type":"if","locations":[{"start":{"line":32,"column":4},"end":{"line":34,"column":5}},{"start":{"line":32,"column":4},"end":{"line":34,"column":5}}],"line":32},"3":{"loc":{"start":{"line":41,"column":6},"end":{"line":41,"column":21}},"type":"binary-expr","locations":[{"start":{"line":41,"column":6},"end":{"line":41,"column":12}},{"start":{"line":41,"column":16},"end":{"line":41,"column":21}}],"line":41},"4":{"loc":{"start":{"line":43,"column":18},"end":{"line":43,"column":66}},"type":"cond-expr","locations":[{"start":{"line":43,"column":53},"end":{"line":43,"column":59}},{"start":{"line":43,"column":62},"end":{"line":43,"column":66}}],"line":43},"5":{"loc":{"start":{"line":43,"column":18},"end":{"line":43,"column":50}},"type":"binary-expr","locations":[{"start":{"line":43,"column":18},"end":{"line":43,"column":41}},{"start":{"line":43,"column":45},"end":{"line":43,"column":50}}],"line":43},"6":{"loc":{"start":{"line":44,"column":22},"end":{"line":44,"column":54}},"type":"cond-expr","locations":[{"start":{"line":44,"column":42},"end":{"line":44,"column":46}},{"start":{"line":44,"column":49},"end":{"line":44,"column":54}}],"line":44},"7":{"loc":{"start":{"line":63,"column":4},"end":{"line":82,"column":5}},"type":"if","locations":[{"start":{"line":63,"column":4},"end":{"line":82,"column":5}},{"start":{"line":63,"column":4},"end":{"line":82,"column":5}}],"line":63},"8":{"loc":{"start":{"line":65,"column":6},"end":{"line":72,"column":7}},"type":"if","locations":[{"start":{"line":65,"column":6},"end":{"line":72,"column":7}},{"start":{"line":65,"column":6},"end":{"line":72,"column":7}}],"line":65},"9":{"loc":{"start":{"line":68,"column":8},"end":{"line":71,"column":9}},"type":"if","locations":[{"start":{"line":68,"column":8},"end":{"line":71,"column":9}},{"start":{"line":68,"column":8},"end":{"line":71,"column":9}}],"line":68},"10":{"loc":{"start":{"line":69,"column":21},"end":{"line":69,"column":54}},"type":"cond-expr","locations":[{"start":{"line":69,"column":45},"end":{"line":69,"column":48}},{"start":{"line":69,"column":51},"end":{"line":69,"column":54}}],"line":69},"11":{"loc":{"start":{"line":75,"column":6},"end":{"line":81,"column":7}},"type":"if","locations":[{"start":{"line":75,"column":6},"end":{"line":81,"column":7}},{"start":{"line":75,"column":6},"end":{"line":81,"column":7}}],"line":75},"12":{"loc":{"start":{"line":92,"column":4},"end":{"line":97,"column":5}},"type":"if","locations":[{"start":{"line":92,"column":4},"end":{"line":97,"column":5}},{"start":{"line":92,"column":4},"end":{"line":97,"column":5}}],"line":92},"13":{"loc":{"start":{"line":129,"column":32},"end":{"line":129,"column":46}},"type":"binary-expr","locations":[{"start":{"line":129,"column":32},"end":{"line":129,"column":40}},{"start":{"line":129,"column":44},"end":{"line":129,"column":46}}],"line":129},"14":{"loc":{"start":{"line":154,"column":35},"end":{"line":154,"column":49}},"type":"binary-expr","locations":[{"start":{"line":154,"column":35},"end":{"line":154,"column":43}},{"start":{"line":154,"column":47},"end":{"line":154,"column":49}}],"line":154}},"s":{"0":1,"1":1,"2":1,"3":1,"4":1,"5":48,"6":48,"7":48,"8":48,"9":48,"10":48,"11":1,"12":48,"13":4,"14":48,"15":9,"16":48,"17":16,"18":48,"19":1,"20":1,"21":48,"22":7,"23":7,"24":7,"25":7,"26":7,"27":7,"28":7,"29":7,"30":1,"31":1,"32":1,"33":1,"34":1,"35":1,"36":1,"37":6,"38":3,"39":3,"40":3,"41":3,"42":7,"43":7,"44":7,"45":7,"46":7,"47":7,"48":7,"49":3,"50":3,"51":4,"52":1,"53":1,"54":1,"55":1,"56":1,"57":1,"58":3,"59":2,"60":2,"61":1,"62":1,"63":1,"64":1,"65":1,"66":4,"67":4,"68":3,"69":3,"70":1,"71":2,"72":2,"73":1,"74":1},"f":{"0":48,"1":4,"2":9,"3":16,"4":1,"5":7,"6":1,"7":1,"8":3,"9":2,"10":1,"11":1,"12":1,"13":1,"14":4,"15":4,"16":3,"17":1,"18":2,"19":2,"20":1},"b":{"0":[1,47],"1":[48,1],"2":[1,0],"3":[7,0],"4":[7,0],"5":[7,1],"6":[7,0],"7":[1,6],"8":[1,0],"9":[1,0],"10":[0,1],"11":[3,3],"12":[3,4],"13":[1,0],"14":[2,0]},"_coverageSchema":"1a1c01bbd47fc00a2c39e90264f33305004495a9","hash":"5967ab592d9ab7f6f5c018f804f06b895c789b0a","contentHash":"98002bd1a7200fc014008bf8933d4bdf75f5eb4731eda0f117138d7b7e4d5eeb"},"/Users/erikobatomi/Documents/Node-v3/utils/rave.utils.js":{"path":"/Users/erikobatomi/Documents/Node-v3/utils/rave.utils.js","statementMap":{"0":{"start":{"line":1,"column":16},"end":{"line":1,"column":18}},"1":{"start":{"line":4,"column":0},"end":{"line":9,"column":1}},"2":{"start":{"line":5,"column":1},"end":{"line":5,"column":43}},"3":{"start":{"line":6,"column":1},"end":{"line":6,"column":24}},"4":{"start":{"line":7,"column":1},"end":{"line":8,"column":27}},"5":{"start":{"line":8,"column":2},"end":{"line":8,"column":27}},"6":{"start":{"line":11,"column":0},"end":{"line":13,"column":1}},"7":{"start":{"line":12,"column":1},"end":{"line":12,"column":31}},"8":{"start":{"line":16,"column":0},"end":{"line":16,"column":27}}},"fnMap":{"0":{"name":"(anonymous_0)","decl":{"start":{"line":4,"column":23},"end":{"line":4,"column":24}},"loc":{"start":{"line":4,"column":56},"end":{"line":9,"column":1}},"line":4},"1":{"name":"(anonymous_1)","decl":{"start":{"line":11,"column":29},"end":{"line":11,"column":30}},"loc":{"start":{"line":11,"column":61},"end":{"line":13,"column":1}},"line":11}},"branchMap":{"0":{"loc":{"start":{"line":5,"column":11},"end":{"line":5,"column":42}},"type":"binary-expr","locations":[{"start":{"line":5,"column":11},"end":{"line":5,"column":18}},{"start":{"line":5,"column":22},"end":{"line":5,"column":42}}],"line":5},"1":{"loc":{"start":{"line":6,"column":9},"end":{"line":6,"column":23}},"type":"binary-expr","locations":[{"start":{"line":6,"column":9},"end":{"line":6,"column":14}},{"start":{"line":6,"column":18},"end":{"line":6,"column":23}}],"line":6},"2":{"loc":{"start":{"line":7,"column":1},"end":{"line":8,"column":27}},"type":"if","locations":[{"start":{"line":7,"column":1},"end":{"line":8,"column":27}},{"start":{"line":7,"column":1},"end":{"line":8,"column":27}}],"line":7},"3":{"loc":{"start":{"line":7,"column":5},"end":{"line":7,"column":42}},"type":"binary-expr","locations":[{"start":{"line":7,"column":5},"end":{"line":7,"column":11}},{"start":{"line":7,"column":15},"end":{"line":7,"column":42}}],"line":7},"4":{"loc":{"start":{"line":12,"column":8},"end":{"line":12,"column":30}},"type":"binary-expr","locations":[{"start":{"line":12,"column":8},"end":{"line":12,"column":13}},{"start":{"line":12,"column":17},"end":{"line":12,"column":30}}],"line":12}},"s":{"0":1,"1":1,"2":98,"3":98,"4":98,"5":1,"6":1,"7":23,"8":1},"f":{"0":98,"1":23},"b":{"0":[98,1],"1":[98,98],"2":[1,97],"3":[98,97],"4":[23,11]},"_coverageSchema":"1a1c01bbd47fc00a2c39e90264f33305004495a9","hash":"f79366dff4ce1233003cc86ad012bd2e5a39d50f","contentHash":"59684508a6491faba96485b602cf04d565516c7ed626f06807ddd85620d582a7"},"/Users/erikobatomi/Documents/Node-v3/lib/security.js":{"path":"/Users/erikobatomi/Documents/Node-v3/lib/security.js","statementMap":{"0":{"start":{"line":2,"column":13},"end":{"line":2,"column":30}},"1":{"start":{"line":7,"column":14},"end":{"line":7,"column":28}},"2":{"start":{"line":8,"column":17},"end":{"line":8,"column":28}},"3":{"start":{"line":9,"column":23},"end":{"line":9,"column":41}},"4":{"start":{"line":11,"column":25},"end":{"line":11,"column":55}},"5":{"start":{"line":12,"column":32},"end":{"line":12,"column":60}},"6":{"start":{"line":14,"column":4},"end":{"line":14,"column":48}},"7":{"start":{"line":34,"column":16},"end":{"line":34,"column":37}},"8":{"start":{"line":35,"column":17},"end":{"line":38,"column":5}},"9":{"start":{"line":39,"column":4},"end":{"line":41,"column":7}},"10":{"start":{"line":42,"column":4},"end":{"line":42,"column":58}},"11":{"start":{"line":43,"column":4},"end":{"line":43,"column":20}},"12":{"start":{"line":44,"column":20},"end":{"line":44,"column":33}},"13":{"start":{"line":45,"column":4},"end":{"line":45,"column":53}},"14":{"start":{"line":50,"column":21},"end":{"line":50,"column":38}},"15":{"start":{"line":51,"column":4},"end":{"line":51,"column":22}},"16":{"start":{"line":52,"column":21},"end":{"line":52,"column":23}},"17":{"start":{"line":53,"column":4},"end":{"line":59,"column":11}},"18":{"start":{"line":56,"column":12},"end":{"line":56,"column":47}},"19":{"start":{"line":56,"column":40},"end":{"line":56,"column":47}},"20":{"start":{"line":57,"column":12},"end":{"line":57,"column":35}},"21":{"start":{"line":60,"column":4},"end":{"line":60,"column":25}},"22":{"start":{"line":61,"column":15},"end":{"line":61,"column":83}},"23":{"start":{"line":62,"column":4},"end":{"line":62,"column":16}},"24":{"start":{"line":66,"column":0},"end":{"line":70,"column":1}}},"fnMap":{"0":{"name":"getKey","decl":{"start":{"line":6,"column":9},"end":{"line":6,"column":15}},"loc":{"start":{"line":6,"column":24},"end":{"line":15,"column":1}},"line":6},"1":{"name":"encrypt","decl":{"start":{"line":33,"column":9},"end":{"line":33,"column":16}},"loc":{"start":{"line":33,"column":28},"end":{"line":46,"column":1}},"line":33},"2":{"name":"getIntegrityHash","decl":{"start":{"line":48,"column":9},"end":{"line":48,"column":25}},"loc":{"start":{"line":48,"column":48},"end":{"line":63,"column":1}},"line":48},"3":{"name":"(anonymous_3)","decl":{"start":{"line":54,"column":17},"end":{"line":54,"column":18}},"loc":{"start":{"line":54,"column":31},"end":{"line":59,"column":9}},"line":54}},"branchMap":{"0":{"loc":{"start":{"line":56,"column":12},"end":{"line":56,"column":47}},"type":"if","locations":[{"start":{"line":56,"column":12},"end":{"line":56,"column":47}},{"start":{"line":56,"column":12},"end":{"line":56,"column":47}}],"line":56}},"s":{"0":1,"1":3,"2":3,"3":3,"4":3,"5":3,"6":3,"7":2,"8":2,"9":2,"10":2,"11":2,"12":2,"13":2,"14":2,"15":2,"16":2,"17":2,"18":5,"19":1,"20":4,"21":2,"22":2,"23":2,"24":1},"f":{"0":3,"1":2,"2":2,"3":5},"b":{"0":[1,4]},"_coverageSchema":"1a1c01bbd47fc00a2c39e90264f33305004495a9","hash":"0aff5d866b2c6f712776d9bef408bb7d60739b8b","contentHash":"9b837b8b01351ca5365cb59e9741f9831c8aed0bbfac09065601d3727c94ca73"},"/Users/erikobatomi/Documents/Node-v3/lib/rave.beneficiaries.js":{"path":"/Users/erikobatomi/Documents/Node-v3/lib/rave.beneficiaries.js","statementMap":{"0":{"start":{"line":1,"column":27},"end":{"line":1,"column":75}},"1":{"start":{"line":2,"column":24},"end":{"line":2,"column":72}},"2":{"start":{"line":3,"column":21},"end":{"line":3,"column":71}},"3":{"start":{"line":4,"column":17},"end":{"line":4,"column":74}},"4":{"start":{"line":7,"column":2},"end":{"line":9,"column":4}},"5":{"start":{"line":8,"column":4},"end":{"line":8,"column":46}},"6":{"start":{"line":11,"column":2},"end":{"line":13,"column":4}},"7":{"start":{"line":12,"column":4},"end":{"line":12,"column":43}},"8":{"start":{"line":14,"column":2},"end":{"line":16,"column":4}},"9":{"start":{"line":15,"column":4},"end":{"line":15,"column":40}},"10":{"start":{"line":17,"column":2},"end":{"line":19,"column":4}},"11":{"start":{"line":18,"column":4},"end":{"line":18,"column":36}},"12":{"start":{"line":21,"column":0},"end":{"line":21,"column":31}}},"fnMap":{"0":{"name":"Beneficiaries","decl":{"start":{"line":6,"column":9},"end":{"line":6,"column":22}},"loc":{"start":{"line":6,"column":33},"end":{"line":20,"column":1}},"line":6},"1":{"name":"(anonymous_1)","decl":{"start":{"line":7,"column":16},"end":{"line":7,"column":17}},"loc":{"start":{"line":7,"column":32},"end":{"line":9,"column":3}},"line":7},"2":{"name":"(anonymous_2)","decl":{"start":{"line":11,"column":16},"end":{"line":11,"column":17}},"loc":{"start":{"line":11,"column":32},"end":{"line":13,"column":3}},"line":11},"3":{"name":"(anonymous_3)","decl":{"start":{"line":14,"column":19},"end":{"line":14,"column":20}},"loc":{"start":{"line":14,"column":35},"end":{"line":16,"column":3}},"line":14},"4":{"name":"(anonymous_4)","decl":{"start":{"line":17,"column":15},"end":{"line":17,"column":16}},"loc":{"start":{"line":17,"column":31},"end":{"line":19,"column":3}},"line":17}},"branchMap":{},"s":{"0":1,"1":1,"2":1,"3":1,"4":4,"5":1,"6":4,"7":1,"8":4,"9":1,"10":4,"11":1,"12":1},"f":{"0":4,"1":1,"2":1,"3":1,"4":1},"b":{},"_coverageSchema":"1a1c01bbd47fc00a2c39e90264f33305004495a9","hash":"5110aa1a5f57bc5673e0f59f2c252e27b88eb60e","contentHash":"6acfe4f52b58b104883eb433bb7dd0b7b6f959ebf1834df18dd26d4a3dd15b02"},"/Users/erikobatomi/Documents/Node-v3/services/beneficiaries/rave.create.js":{"path":"/Users/erikobatomi/Documents/Node-v3/services/beneficiaries/rave.create.js","statementMap":{"0":{"start":{"line":2,"column":22},"end":{"line":2,"column":54}},"1":{"start":{"line":3,"column":30},"end":{"line":3,"column":57}},"2":{"start":{"line":6,"column":2},"end":{"line":6,"column":37}},"3":{"start":{"line":7,"column":29},"end":{"line":7,"column":74}},"4":{"start":{"line":9,"column":2},"end":{"line":9,"column":18}},"5":{"start":{"line":12,"column":0},"end":{"line":12,"column":25}}},"fnMap":{"0":{"name":"service","decl":{"start":{"line":5,"column":15},"end":{"line":5,"column":22}},"loc":{"start":{"line":5,"column":36},"end":{"line":10,"column":1}},"line":5}},"branchMap":{},"s":{"0":1,"1":1,"2":1,"3":1,"4":1,"5":1},"f":{"0":1},"b":{},"_coverageSchema":"1a1c01bbd47fc00a2c39e90264f33305004495a9","hash":"1fb127708320941a68788e108733e4451e589771","contentHash":"2f96ea186cd196c51739b26ba4f78a7a37db4abfe4b4db0f65867a6c26749f85"},"/Users/erikobatomi/Documents/Node-v3/services/schema/create.js":{"path":"/Users/erikobatomi/Documents/Node-v3/services/schema/create.js","statementMap":{"0":{"start":{"line":1,"column":12},"end":{"line":1,"column":26}},"1":{"start":{"line":4,"column":22},"end":{"line":16,"column":2}},"2":{"start":{"line":19,"column":25},"end":{"line":50,"column":2}},"3":{"start":{"line":29,"column":6},"end":{"line":30,"column":57}},"4":{"start":{"line":30,"column":8},"end":{"line":30,"column":57}},"5":{"start":{"line":31,"column":6},"end":{"line":31,"column":19}},"6":{"start":{"line":53,"column":26},"end":{"line":59,"column":2}},"7":{"start":{"line":62,"column":26},"end":{"line":73,"column":2}},"8":{"start":{"line":76,"column":28},"end":{"line":90,"column":2}},"9":{"start":{"line":92,"column":24},"end":{"line":126,"column":2}},"10":{"start":{"line":205,"column":25},"end":{"line":265,"column":2}},"11":{"start":{"line":218,"column":6},"end":{"line":219,"column":48}},"12":{"start":{"line":219,"column":8},"end":{"line":219,"column":48}},"13":{"start":{"line":220,"column":6},"end":{"line":220,"column":19}},"14":{"start":{"line":229,"column":6},"end":{"line":230,"column":57}},"15":{"start":{"line":230,"column":8},"end":{"line":230,"column":57}},"16":{"start":{"line":231,"column":6},"end":{"line":231,"column":19}},"17":{"start":{"line":268,"column":21},"end":{"line":312,"column":2}},"18":{"start":{"line":278,"column":6},"end":{"line":279,"column":57}},"19":{"start":{"line":279,"column":8},"end":{"line":279,"column":57}},"20":{"start":{"line":280,"column":6},"end":{"line":280,"column":19}},"21":{"start":{"line":315,"column":27},"end":{"line":340,"column":2}},"22":{"start":{"line":325,"column":6},"end":{"line":326,"column":57}},"23":{"start":{"line":326,"column":8},"end":{"line":326,"column":57}},"24":{"start":{"line":327,"column":6},"end":{"line":327,"column":19}},"25":{"start":{"line":343,"column":19},"end":{"line":515,"column":2}},"26":{"start":{"line":352,"column":6},"end":{"line":353,"column":57}},"27":{"start":{"line":353,"column":8},"end":{"line":353,"column":57}},"28":{"start":{"line":354,"column":6},"end":{"line":354,"column":19}},"29":{"start":{"line":362,"column":22},"end":{"line":362,"column":39}},"30":{"start":{"line":363,"column":22},"end":{"line":363,"column":55}},"31":{"start":{"line":364,"column":8},"end":{"line":366,"column":9}},"32":{"start":{"line":365,"column":10},"end":{"line":365,"column":43}},"33":{"start":{"line":367,"column":8},"end":{"line":367,"column":21}},"34":{"start":{"line":378,"column":24},"end":{"line":378,"column":41}},"35":{"start":{"line":379,"column":24},"end":{"line":379,"column":41}},"36":{"start":{"line":380,"column":10},"end":{"line":382,"column":11}},"37":{"start":{"line":381,"column":12},"end":{"line":381,"column":45}},"38":{"start":{"line":383,"column":10},"end":{"line":383,"column":23}},"39":{"start":{"line":394,"column":26},"end":{"line":394,"column":43}},"40":{"start":{"line":395,"column":26},"end":{"line":395,"column":49}},"41":{"start":{"line":396,"column":12},"end":{"line":398,"column":13}},"42":{"start":{"line":397,"column":14},"end":{"line":397,"column":47}},"43":{"start":{"line":399,"column":12},"end":{"line":399,"column":25}},"44":{"start":{"line":410,"column":28},"end":{"line":410,"column":45}},"45":{"start":{"line":411,"column":28},"end":{"line":411,"column":45}},"46":{"start":{"line":412,"column":14},"end":{"line":414,"column":15}},"47":{"start":{"line":413,"column":16},"end":{"line":413,"column":49}},"48":{"start":{"line":415,"column":14},"end":{"line":415,"column":27}},"49":{"start":{"line":426,"column":30},"end":{"line":426,"column":47}},"50":{"start":{"line":427,"column":30},"end":{"line":427,"column":71}},"51":{"start":{"line":428,"column":16},"end":{"line":430,"column":17}},"52":{"start":{"line":429,"column":18},"end":{"line":429,"column":51}},"53":{"start":{"line":431,"column":16},"end":{"line":431,"column":29}},"54":{"start":{"line":443,"column":32},"end":{"line":443,"column":49}},"55":{"start":{"line":444,"column":32},"end":{"line":444,"column":59}},"56":{"start":{"line":445,"column":18},"end":{"line":447,"column":19}},"57":{"start":{"line":446,"column":20},"end":{"line":446,"column":53}},"58":{"start":{"line":448,"column":18},"end":{"line":448,"column":31}},"59":{"start":{"line":459,"column":34},"end":{"line":459,"column":51}},"60":{"start":{"line":460,"column":34},"end":{"line":460,"column":64}},"61":{"start":{"line":461,"column":20},"end":{"line":463,"column":21}},"62":{"start":{"line":462,"column":22},"end":{"line":462,"column":55}},"63":{"start":{"line":464,"column":20},"end":{"line":464,"column":33}},"64":{"start":{"line":476,"column":36},"end":{"line":476,"column":53}},"65":{"start":{"line":477,"column":36},"end":{"line":477,"column":58}},"66":{"start":{"line":478,"column":22},"end":{"line":480,"column":23}},"67":{"start":{"line":479,"column":24},"end":{"line":479,"column":57}},"68":{"start":{"line":481,"column":22},"end":{"line":481,"column":35}},"69":{"start":{"line":518,"column":19},"end":{"line":528,"column":2}},"70":{"start":{"line":531,"column":21},"end":{"line":534,"column":2}},"71":{"start":{"line":537,"column":25},"end":{"line":549,"column":2}},"72":{"start":{"line":552,"column":23},"end":{"line":717,"column":2}},"73":{"start":{"line":703,"column":12},"end":{"line":704,"column":63}},"74":{"start":{"line":704,"column":14},"end":{"line":704,"column":63}},"75":{"start":{"line":705,"column":12},"end":{"line":705,"column":25}},"76":{"start":{"line":720,"column":31},"end":{"line":726,"column":2}},"77":{"start":{"line":729,"column":33},"end":{"line":741,"column":2}},"78":{"start":{"line":744,"column":20},"end":{"line":763,"column":2}},"79":{"start":{"line":766,"column":25},"end":{"line":790,"column":2}},"80":{"start":{"line":777,"column":6},"end":{"line":778,"column":57}},"81":{"start":{"line":778,"column":8},"end":{"line":778,"column":57}},"82":{"start":{"line":779,"column":6},"end":{"line":779,"column":19}},"83":{"start":{"line":793,"column":29},"end":{"line":802,"column":2}},"84":{"start":{"line":804,"column":0},"end":{"line":824,"column":2}}},"fnMap":{"0":{"name":"(anonymous_0)","decl":{"start":{"line":28,"column":12},"end":{"line":28,"column":13}},"loc":{"start":{"line":28,"column":23},"end":{"line":32,"column":5}},"line":28},"1":{"name":"(anonymous_1)","decl":{"start":{"line":217,"column":12},"end":{"line":217,"column":13}},"loc":{"start":{"line":217,"column":23},"end":{"line":221,"column":5}},"line":217},"2":{"name":"(anonymous_2)","decl":{"start":{"line":228,"column":12},"end":{"line":228,"column":13}},"loc":{"start":{"line":228,"column":23},"end":{"line":232,"column":5}},"line":228},"3":{"name":"(anonymous_3)","decl":{"start":{"line":277,"column":12},"end":{"line":277,"column":13}},"loc":{"start":{"line":277,"column":23},"end":{"line":281,"column":5}},"line":277},"4":{"name":"(anonymous_4)","decl":{"start":{"line":324,"column":12},"end":{"line":324,"column":13}},"loc":{"start":{"line":324,"column":23},"end":{"line":328,"column":5}},"line":324},"5":{"name":"(anonymous_5)","decl":{"start":{"line":351,"column":12},"end":{"line":351,"column":13}},"loc":{"start":{"line":351,"column":23},"end":{"line":355,"column":5}},"line":351},"6":{"name":"(anonymous_6)","decl":{"start":{"line":361,"column":14},"end":{"line":361,"column":15}},"loc":{"start":{"line":361,"column":32},"end":{"line":368,"column":7}},"line":361},"7":{"name":"(anonymous_7)","decl":{"start":{"line":377,"column":16},"end":{"line":377,"column":17}},"loc":{"start":{"line":377,"column":34},"end":{"line":384,"column":9}},"line":377},"8":{"name":"(anonymous_8)","decl":{"start":{"line":393,"column":18},"end":{"line":393,"column":19}},"loc":{"start":{"line":393,"column":36},"end":{"line":400,"column":11}},"line":393},"9":{"name":"(anonymous_9)","decl":{"start":{"line":409,"column":20},"end":{"line":409,"column":21}},"loc":{"start":{"line":409,"column":38},"end":{"line":416,"column":13}},"line":409},"10":{"name":"(anonymous_10)","decl":{"start":{"line":425,"column":22},"end":{"line":425,"column":23}},"loc":{"start":{"line":425,"column":40},"end":{"line":432,"column":15}},"line":425},"11":{"name":"(anonymous_11)","decl":{"start":{"line":442,"column":24},"end":{"line":442,"column":25}},"loc":{"start":{"line":442,"column":42},"end":{"line":449,"column":17}},"line":442},"12":{"name":"(anonymous_12)","decl":{"start":{"line":458,"column":26},"end":{"line":458,"column":27}},"loc":{"start":{"line":458,"column":44},"end":{"line":465,"column":19}},"line":458},"13":{"name":"(anonymous_13)","decl":{"start":{"line":475,"column":28},"end":{"line":475,"column":29}},"loc":{"start":{"line":475,"column":46},"end":{"line":482,"column":21}},"line":475},"14":{"name":"(anonymous_14)","decl":{"start":{"line":702,"column":18},"end":{"line":702,"column":19}},"loc":{"start":{"line":702,"column":29},"end":{"line":706,"column":11}},"line":702},"15":{"name":"(anonymous_15)","decl":{"start":{"line":776,"column":12},"end":{"line":776,"column":13}},"loc":{"start":{"line":776,"column":23},"end":{"line":780,"column":5}},"line":776}},"branchMap":{"0":{"loc":{"start":{"line":29,"column":6},"end":{"line":30,"column":57}},"type":"if","locations":[{"start":{"line":29,"column":6},"end":{"line":30,"column":57}},{"start":{"line":29,"column":6},"end":{"line":30,"column":57}}],"line":29},"1":{"loc":{"start":{"line":29,"column":10},"end":{"line":29,"column":42}},"type":"binary-expr","locations":[{"start":{"line":29,"column":10},"end":{"line":29,"column":15}},{"start":{"line":29,"column":19},"end":{"line":29,"column":42}}],"line":29},"2":{"loc":{"start":{"line":218,"column":6},"end":{"line":219,"column":48}},"type":"if","locations":[{"start":{"line":218,"column":6},"end":{"line":219,"column":48}},{"start":{"line":218,"column":6},"end":{"line":219,"column":48}}],"line":218},"3":{"loc":{"start":{"line":218,"column":10},"end":{"line":218,"column":67}},"type":"binary-expr","locations":[{"start":{"line":218,"column":10},"end":{"line":218,"column":24}},{"start":{"line":218,"column":28},"end":{"line":218,"column":45}},{"start":{"line":218,"column":49},"end":{"line":218,"column":67}}],"line":218},"4":{"loc":{"start":{"line":229,"column":6},"end":{"line":230,"column":57}},"type":"if","locations":[{"start":{"line":229,"column":6},"end":{"line":230,"column":57}},{"start":{"line":229,"column":6},"end":{"line":230,"column":57}}],"line":229},"5":{"loc":{"start":{"line":229,"column":10},"end":{"line":229,"column":42}},"type":"binary-expr","locations":[{"start":{"line":229,"column":10},"end":{"line":229,"column":15}},{"start":{"line":229,"column":19},"end":{"line":229,"column":42}}],"line":229},"6":{"loc":{"start":{"line":278,"column":6},"end":{"line":279,"column":57}},"type":"if","locations":[{"start":{"line":278,"column":6},"end":{"line":279,"column":57}},{"start":{"line":278,"column":6},"end":{"line":279,"column":57}}],"line":278},"7":{"loc":{"start":{"line":278,"column":10},"end":{"line":278,"column":42}},"type":"binary-expr","locations":[{"start":{"line":278,"column":10},"end":{"line":278,"column":15}},{"start":{"line":278,"column":19},"end":{"line":278,"column":42}}],"line":278},"8":{"loc":{"start":{"line":325,"column":6},"end":{"line":326,"column":57}},"type":"if","locations":[{"start":{"line":325,"column":6},"end":{"line":326,"column":57}},{"start":{"line":325,"column":6},"end":{"line":326,"column":57}}],"line":325},"9":{"loc":{"start":{"line":325,"column":10},"end":{"line":325,"column":42}},"type":"binary-expr","locations":[{"start":{"line":325,"column":10},"end":{"line":325,"column":15}},{"start":{"line":325,"column":19},"end":{"line":325,"column":42}}],"line":325},"10":{"loc":{"start":{"line":352,"column":6},"end":{"line":353,"column":57}},"type":"if","locations":[{"start":{"line":352,"column":6},"end":{"line":353,"column":57}},{"start":{"line":352,"column":6},"end":{"line":353,"column":57}}],"line":352},"11":{"loc":{"start":{"line":352,"column":10},"end":{"line":352,"column":42}},"type":"binary-expr","locations":[{"start":{"line":352,"column":10},"end":{"line":352,"column":15}},{"start":{"line":352,"column":19},"end":{"line":352,"column":42}}],"line":352},"12":{"loc":{"start":{"line":364,"column":8},"end":{"line":366,"column":9}},"type":"if","locations":[{"start":{"line":364,"column":8},"end":{"line":366,"column":9}},{"start":{"line":364,"column":8},"end":{"line":366,"column":9}}],"line":364},"13":{"loc":{"start":{"line":380,"column":10},"end":{"line":382,"column":11}},"type":"if","locations":[{"start":{"line":380,"column":10},"end":{"line":382,"column":11}},{"start":{"line":380,"column":10},"end":{"line":382,"column":11}}],"line":380},"14":{"loc":{"start":{"line":396,"column":12},"end":{"line":398,"column":13}},"type":"if","locations":[{"start":{"line":396,"column":12},"end":{"line":398,"column":13}},{"start":{"line":396,"column":12},"end":{"line":398,"column":13}}],"line":396},"15":{"loc":{"start":{"line":412,"column":14},"end":{"line":414,"column":15}},"type":"if","locations":[{"start":{"line":412,"column":14},"end":{"line":414,"column":15}},{"start":{"line":412,"column":14},"end":{"line":414,"column":15}}],"line":412},"16":{"loc":{"start":{"line":428,"column":16},"end":{"line":430,"column":17}},"type":"if","locations":[{"start":{"line":428,"column":16},"end":{"line":430,"column":17}},{"start":{"line":428,"column":16},"end":{"line":430,"column":17}}],"line":428},"17":{"loc":{"start":{"line":445,"column":18},"end":{"line":447,"column":19}},"type":"if","locations":[{"start":{"line":445,"column":18},"end":{"line":447,"column":19}},{"start":{"line":445,"column":18},"end":{"line":447,"column":19}}],"line":445},"18":{"loc":{"start":{"line":461,"column":20},"end":{"line":463,"column":21}},"type":"if","locations":[{"start":{"line":461,"column":20},"end":{"line":463,"column":21}},{"start":{"line":461,"column":20},"end":{"line":463,"column":21}}],"line":461},"19":{"loc":{"start":{"line":478,"column":22},"end":{"line":480,"column":23}},"type":"if","locations":[{"start":{"line":478,"column":22},"end":{"line":480,"column":23}},{"start":{"line":478,"column":22},"end":{"line":480,"column":23}}],"line":478},"20":{"loc":{"start":{"line":703,"column":12},"end":{"line":704,"column":63}},"type":"if","locations":[{"start":{"line":703,"column":12},"end":{"line":704,"column":63}},{"start":{"line":703,"column":12},"end":{"line":704,"column":63}}],"line":703},"21":{"loc":{"start":{"line":703,"column":16},"end":{"line":703,"column":48}},"type":"binary-expr","locations":[{"start":{"line":703,"column":16},"end":{"line":703,"column":21}},{"start":{"line":703,"column":25},"end":{"line":703,"column":48}}],"line":703},"22":{"loc":{"start":{"line":777,"column":6},"end":{"line":778,"column":57}},"type":"if","locations":[{"start":{"line":777,"column":6},"end":{"line":778,"column":57}},{"start":{"line":777,"column":6},"end":{"line":778,"column":57}}],"line":777},"23":{"loc":{"start":{"line":777,"column":10},"end":{"line":777,"column":42}},"type":"binary-expr","locations":[{"start":{"line":777,"column":10},"end":{"line":777,"column":15}},{"start":{"line":777,"column":19},"end":{"line":777,"column":42}}],"line":777}},"s":{"0":1,"1":1,"2":1,"3":5,"4":1,"5":4,"6":1,"7":1,"8":1,"9":1,"10":1,"11":5,"12":1,"13":4,"14":2,"15":1,"16":1,"17":1,"18":8,"19":3,"20":5,"21":1,"22":3,"23":1,"24":2,"25":1,"26":19,"27":1,"28":18,"29":2,"30":2,"31":2,"32":1,"33":1,"34":2,"35":2,"36":2,"37":1,"38":1,"39":2,"40":2,"41":2,"42":1,"43":1,"44":2,"45":2,"46":2,"47":1,"48":1,"49":2,"50":2,"51":2,"52":1,"53":1,"54":2,"55":2,"56":2,"57":1,"58":1,"59":2,"60":2,"61":2,"62":1,"63":1,"64":2,"65":2,"66":2,"67":1,"68":1,"69":1,"70":1,"71":1,"72":1,"73":2,"74":1,"75":1,"76":1,"77":1,"78":1,"79":1,"80":2,"81":1,"82":1,"83":1,"84":1},"f":{"0":5,"1":5,"2":2,"3":8,"4":3,"5":19,"6":2,"7":2,"8":2,"9":2,"10":2,"11":2,"12":2,"13":2,"14":2,"15":2},"b":{"0":[1,4],"1":[5,5],"2":[1,4],"3":[5,5,5],"4":[1,1],"5":[2,2],"6":[3,5],"7":[8,8],"8":[1,2],"9":[3,3],"10":[1,18],"11":[19,19],"12":[1,1],"13":[1,1],"14":[1,1],"15":[1,1],"16":[1,1],"17":[1,1],"18":[1,1],"19":[1,1],"20":[1,1],"21":[2,2],"22":[1,1],"23":[2,2]},"_coverageSchema":"1a1c01bbd47fc00a2c39e90264f33305004495a9","hash":"58b3aa51f32cc1c6e0c789379e98a745c16d0863","contentHash":"c7ce0d4d08324b57305d37bcd7b876093748d78c276e9937f6ee82ebf4be5713"},"/Users/erikobatomi/Documents/Node-v3/services/beneficiaries/rave.delete.js":{"path":"/Users/erikobatomi/Documents/Node-v3/services/beneficiaries/rave.delete.js","statementMap":{"0":{"start":{"line":2,"column":22},"end":{"line":2,"column":54}},"1":{"start":{"line":3,"column":24},"end":{"line":3,"column":49}},"2":{"start":{"line":6,"column":2},"end":{"line":6,"column":31}},"3":{"start":{"line":7,"column":2},"end":{"line":7,"column":22}},"4":{"start":{"line":8,"column":29},"end":{"line":11,"column":3}},"5":{"start":{"line":13,"column":2},"end":{"line":13,"column":18}},"6":{"start":{"line":16,"column":0},"end":{"line":16,"column":25}}},"fnMap":{"0":{"name":"service","decl":{"start":{"line":5,"column":15},"end":{"line":5,"column":22}},"loc":{"start":{"line":5,"column":36},"end":{"line":14,"column":1}},"line":5}},"branchMap":{},"s":{"0":1,"1":1,"2":1,"3":1,"4":1,"5":1,"6":1},"f":{"0":1},"b":{},"_coverageSchema":"1a1c01bbd47fc00a2c39e90264f33305004495a9","hash":"8d1269646a3bba88f8f8bd68af4ace3d871cd311","contentHash":"93d91c7545f8332f97829c366ca9859e74f0bac1511daf2238339a4e7ab09ea3"},"/Users/erikobatomi/Documents/Node-v3/services/beneficiaries/rave.retrieve.js":{"path":"/Users/erikobatomi/Documents/Node-v3/services/beneficiaries/rave.retrieve.js","statementMap":{"0":{"start":{"line":1,"column":29},"end":{"line":1,"column":57}},"1":{"start":{"line":4,"column":2},"end":{"line":9,"column":4}},"2":{"start":{"line":12,"column":0},"end":{"line":12,"column":25}}},"fnMap":{"0":{"name":"service","decl":{"start":{"line":3,"column":15},"end":{"line":3,"column":22}},"loc":{"start":{"line":3,"column":36},"end":{"line":10,"column":1}},"line":3}},"branchMap":{},"s":{"0":1,"1":1,"2":1},"f":{"0":1},"b":{},"_coverageSchema":"1a1c01bbd47fc00a2c39e90264f33305004495a9","hash":"93adc99a7efaea474fd636ed594c11a6dee49b7e","contentHash":"3614a07c21c6fe5f3fd155b1ab28034e466cea89e51d720f4242b52cf0d847b4"},"/Users/erikobatomi/Documents/Node-v3/utils/build.js":{"path":"/Users/erikobatomi/Documents/Node-v3/utils/build.js","statementMap":{"0":{"start":{"line":1,"column":12},"end":{"line":1,"column":26}},"1":{"start":{"line":2,"column":23},"end":{"line":2,"column":57}},"2":{"start":{"line":4,"column":22},"end":{"line":4,"column":44}},"3":{"start":{"line":8,"column":2},"end":{"line":10,"column":3}},"4":{"start":{"line":9,"column":4},"end":{"line":9,"column":50}},"5":{"start":{"line":12,"column":2},"end":{"line":23,"column":5}},"6":{"start":{"line":13,"column":4},"end":{"line":22,"column":7}},"7":{"start":{"line":24,"column":2},"end":{"line":24,"column":16}},"8":{"start":{"line":29,"column":2},"end":{"line":39,"column":3}},"9":{"start":{"line":30,"column":4},"end":{"line":30,"column":15}},"10":{"start":{"line":31,"column":4},"end":{"line":31,"column":25}},"11":{"start":{"line":33,"column":21},"end":{"line":33,"column":52}},"12":{"start":{"line":35,"column":25},"end":{"line":35,"column":50}},"13":{"start":{"line":38,"column":4},"end":{"line":38,"column":24}},"14":{"start":{"line":41,"column":2},"end":{"line":41,"column":31}},"15":{"start":{"line":42,"column":2},"end":{"line":42,"column":23}},"16":{"start":{"line":44,"column":19},"end":{"line":44,"column":50}},"17":{"start":{"line":45,"column":23},"end":{"line":45,"column":48}},"18":{"start":{"line":48,"column":2},"end":{"line":48,"column":22}},"19":{"start":{"line":51,"column":0},"end":{"line":51,"column":55}}},"fnMap":{"0":{"name":"enforceRequired","decl":{"start":{"line":7,"column":9},"end":{"line":7,"column":24}},"loc":{"start":{"line":7,"column":44},"end":{"line":25,"column":1}},"line":7},"1":{"name":"(anonymous_1)","decl":{"start":{"line":12,"column":16},"end":{"line":12,"column":17}},"loc":{"start":{"line":12,"column":27},"end":{"line":23,"column":3}},"line":12},"2":{"name":"handleEmptyFetch","decl":{"start":{"line":28,"column":15},"end":{"line":28,"column":31}},"loc":{"start":{"line":28,"column":57},"end":{"line":49,"column":1}},"line":28}},"branchMap":{"0":{"loc":{"start":{"line":8,"column":2},"end":{"line":10,"column":3}},"type":"if","locations":[{"start":{"line":8,"column":2},"end":{"line":10,"column":3}},{"start":{"line":8,"column":2},"end":{"line":10,"column":3}}],"line":8},"1":{"loc":{"start":{"line":29,"column":2},"end":{"line":39,"column":3}},"type":"if","locations":[{"start":{"line":29,"column":2},"end":{"line":39,"column":3}},{"start":{"line":29,"column":2},"end":{"line":39,"column":3}}],"line":29},"2":{"loc":{"start":{"line":29,"column":6},"end":{"line":29,"column":43}},"type":"binary-expr","locations":[{"start":{"line":29,"column":6},"end":{"line":29,"column":25}},{"start":{"line":29,"column":29},"end":{"line":29,"column":43}}],"line":29},"3":{"loc":{"start":{"line":35,"column":25},"end":{"line":35,"column":50}},"type":"binary-expr","locations":[{"start":{"line":35,"column":25},"end":{"line":35,"column":38}},{"start":{"line":35,"column":42},"end":{"line":35,"column":50}}],"line":35},"4":{"loc":{"start":{"line":45,"column":23},"end":{"line":45,"column":48}},"type":"binary-expr","locations":[{"start":{"line":45,"column":23},"end":{"line":45,"column":36}},{"start":{"line":45,"column":40},"end":{"line":45,"column":48}}],"line":45}},"s":{"0":1,"1":1,"2":1,"3":2,"4":1,"5":1,"6":2,"7":1,"8":11,"9":3,"10":3,"11":3,"12":3,"13":3,"14":8,"15":8,"16":8,"17":8,"18":8,"19":1},"f":{"0":2,"1":2,"2":11},"b":{"0":[1,1],"1":[3,8],"2":[11,8],"3":[3,0],"4":[8,0]},"_coverageSchema":"1a1c01bbd47fc00a2c39e90264f33305004495a9","hash":"f00fdd3d3650b0d97c27aaf47570d2f7bc81e6d6","contentHash":"ba7f377d39d175075a9ef7de6653690ff2525bea435b4b413d556c6f4e435f6a"},"/Users/erikobatomi/Documents/Node-v3/services/beneficiaries/rave.single.retrieve.js":{"path":"/Users/erikobatomi/Documents/Node-v3/services/beneficiaries/rave.single.retrieve.js","statementMap":{"0":{"start":{"line":2,"column":22},"end":{"line":2,"column":54}},"1":{"start":{"line":3,"column":24},"end":{"line":3,"column":49}},"2":{"start":{"line":6,"column":2},"end":{"line":6,"column":31}},"3":{"start":{"line":7,"column":2},"end":{"line":7,"column":22}},"4":{"start":{"line":8,"column":29},"end":{"line":11,"column":3}},"5":{"start":{"line":13,"column":2},"end":{"line":13,"column":18}},"6":{"start":{"line":16,"column":0},"end":{"line":16,"column":25}}},"fnMap":{"0":{"name":"service","decl":{"start":{"line":5,"column":15},"end":{"line":5,"column":22}},"loc":{"start":{"line":5,"column":36},"end":{"line":14,"column":1}},"line":5}},"branchMap":{},"s":{"0":1,"1":1,"2":1,"3":1,"4":1,"5":1,"6":1},"f":{"0":1},"b":{},"_coverageSchema":"1a1c01bbd47fc00a2c39e90264f33305004495a9","hash":"48c0fa5ddc69e143691ff4f0d142b25dba1c82a9","contentHash":"6a72a4910987753d6b3e91513aeaeeb29d0a35206b82c19f6d908c5ca23d553f"},"/Users/erikobatomi/Documents/Node-v3/lib/rave.bills.js":{"path":"/Users/erikobatomi/Documents/Node-v3/lib/rave.bills.js","statementMap":{"0":{"start":{"line":1,"column":26},"end":{"line":1,"column":77}},"1":{"start":{"line":2,"column":19},"end":{"line":2,"column":72}},"2":{"start":{"line":3,"column":20},"end":{"line":3,"column":71}},"3":{"start":{"line":4,"column":29},"end":{"line":4,"column":88}},"4":{"start":{"line":6,"column":14},"end":{"line":6,"column":65}},"5":{"start":{"line":7,"column":17},"end":{"line":7,"column":70}},"6":{"start":{"line":8,"column":22},"end":{"line":8,"column":81}},"7":{"start":{"line":10,"column":15},"end":{"line":10,"column":59}},"8":{"start":{"line":11,"column":30},"end":{"line":11,"column":88}},"9":{"start":{"line":12,"column":27},"end":{"line":12,"column":79}},"10":{"start":{"line":13,"column":22},"end":{"line":13,"column":69}},"11":{"start":{"line":16,"column":2},"end":{"line":18,"column":4}},"12":{"start":{"line":17,"column":4},"end":{"line":17,"column":38}},"13":{"start":{"line":20,"column":2},"end":{"line":22,"column":4}},"14":{"start":{"line":21,"column":4},"end":{"line":21,"column":45}},"15":{"start":{"line":24,"column":2},"end":{"line":26,"column":4}},"16":{"start":{"line":25,"column":4},"end":{"line":25,"column":39}},"17":{"start":{"line":28,"column":2},"end":{"line":30,"column":4}},"18":{"start":{"line":29,"column":4},"end":{"line":29,"column":48}},"19":{"start":{"line":32,"column":2},"end":{"line":34,"column":4}},"20":{"start":{"line":33,"column":4},"end":{"line":33,"column":33}},"21":{"start":{"line":36,"column":2},"end":{"line":38,"column":4}},"22":{"start":{"line":37,"column":4},"end":{"line":37,"column":36}},"23":{"start":{"line":39,"column":2},"end":{"line":41,"column":4}},"24":{"start":{"line":40,"column":4},"end":{"line":40,"column":41}},"25":{"start":{"line":42,"column":2},"end":{"line":44,"column":4}},"26":{"start":{"line":43,"column":4},"end":{"line":43,"column":34}},"27":{"start":{"line":45,"column":2},"end":{"line":47,"column":4}},"28":{"start":{"line":46,"column":4},"end":{"line":46,"column":49}},"29":{"start":{"line":49,"column":2},"end":{"line":51,"column":4}},"30":{"start":{"line":50,"column":4},"end":{"line":50,"column":46}},"31":{"start":{"line":53,"column":2},"end":{"line":55,"column":4}},"32":{"start":{"line":54,"column":4},"end":{"line":54,"column":41}},"33":{"start":{"line":57,"column":0},"end":{"line":57,"column":23}}},"fnMap":{"0":{"name":"Bills","decl":{"start":{"line":15,"column":9},"end":{"line":15,"column":14}},"loc":{"start":{"line":15,"column":25},"end":{"line":56,"column":1}},"line":15},"1":{"name":"(anonymous_1)","decl":{"start":{"line":16,"column":21},"end":{"line":16,"column":22}},"loc":{"start":{"line":16,"column":37},"end":{"line":18,"column":3}},"line":16},"2":{"name":"(anonymous_2)","decl":{"start":{"line":20,"column":24},"end":{"line":20,"column":25}},"loc":{"start":{"line":20,"column":40},"end":{"line":22,"column":3}},"line":20},"3":{"name":"(anonymous_3)","decl":{"start":{"line":24,"column":21},"end":{"line":24,"column":22}},"loc":{"start":{"line":24,"column":37},"end":{"line":26,"column":3}},"line":24},"4":{"name":"(anonymous_4)","decl":{"start":{"line":28,"column":28},"end":{"line":28,"column":29}},"loc":{"start":{"line":28,"column":44},"end":{"line":30,"column":3}},"line":28},"5":{"name":"(anonymous_5)","decl":{"start":{"line":32,"column":21},"end":{"line":32,"column":22}},"loc":{"start":{"line":32,"column":37},"end":{"line":34,"column":3}},"line":32},"6":{"name":"(anonymous_6)","decl":{"start":{"line":36,"column":25},"end":{"line":36,"column":26}},"loc":{"start":{"line":36,"column":41},"end":{"line":38,"column":3}},"line":36},"7":{"name":"(anonymous_7)","decl":{"start":{"line":39,"column":30},"end":{"line":39,"column":31}},"loc":{"start":{"line":39,"column":46},"end":{"line":41,"column":3}},"line":39},"8":{"name":"(anonymous_8)","decl":{"start":{"line":42,"column":22},"end":{"line":42,"column":23}},"loc":{"start":{"line":42,"column":38},"end":{"line":44,"column":3}},"line":42},"9":{"name":"(anonymous_9)","decl":{"start":{"line":45,"column":37},"end":{"line":45,"column":38}},"loc":{"start":{"line":45,"column":53},"end":{"line":47,"column":3}},"line":45},"10":{"name":"(anonymous_10)","decl":{"start":{"line":49,"column":22},"end":{"line":49,"column":23}},"loc":{"start":{"line":49,"column":38},"end":{"line":51,"column":3}},"line":49},"11":{"name":"(anonymous_11)","decl":{"start":{"line":53,"column":18},"end":{"line":53,"column":19}},"loc":{"start":{"line":53,"column":34},"end":{"line":55,"column":3}},"line":53}},"branchMap":{},"s":{"0":1,"1":1,"2":1,"3":1,"4":1,"5":1,"6":1,"7":1,"8":1,"9":1,"10":1,"11":12,"12":1,"13":12,"14":1,"15":12,"16":1,"17":12,"18":2,"19":12,"20":1,"21":12,"22":1,"23":12,"24":1,"25":12,"26":1,"27":12,"28":1,"29":12,"30":1,"31":12,"32":1,"33":1},"f":{"0":12,"1":1,"2":1,"3":1,"4":2,"5":1,"6":1,"7":1,"8":1,"9":1,"10":1,"11":1},"b":{},"_coverageSchema":"1a1c01bbd47fc00a2c39e90264f33305004495a9","hash":"9b5f9e43ae5c2fdaca7ab939fc79a71fe9e0328a","contentHash":"cb82e85d9df331d177b0d6950e015601c8ad57537e51f54e339402069ca0d45f"},"/Users/erikobatomi/Documents/Node-v3/services/bills/rave.amount.to-be-paid.js":{"path":"/Users/erikobatomi/Documents/Node-v3/services/bills/rave.amount.to-be-paid.js","statementMap":{"0":{"start":{"line":2,"column":22},"end":{"line":2,"column":54}},"1":{"start":{"line":3,"column":30},"end":{"line":3,"column":55}},"2":{"start":{"line":6,"column":2},"end":{"line":6,"column":37}},"3":{"start":{"line":7,"column":2},"end":{"line":7,"column":22}},"4":{"start":{"line":8,"column":29},"end":{"line":11,"column":3}},"5":{"start":{"line":13,"column":2},"end":{"line":13,"column":18}},"6":{"start":{"line":16,"column":0},"end":{"line":16,"column":25}}},"fnMap":{"0":{"name":"service","decl":{"start":{"line":5,"column":15},"end":{"line":5,"column":22}},"loc":{"start":{"line":5,"column":36},"end":{"line":14,"column":1}},"line":5}},"branchMap":{},"s":{"0":1,"1":1,"2":1,"3":1,"4":1,"5":1,"6":1},"f":{"0":1},"b":{},"_coverageSchema":"1a1c01bbd47fc00a2c39e90264f33305004495a9","hash":"b4af8bab244ac2a5de896348e2c4e897f5ae0cfb","contentHash":"dd75cfa08041eb97badf98bfb0c491aba7394786c8ea4aee4d9cbbefbdd872b1"},"/Users/erikobatomi/Documents/Node-v3/services/schema/bill.js":{"path":"/Users/erikobatomi/Documents/Node-v3/services/schema/bill.js","statementMap":{"0":{"start":{"line":1,"column":12},"end":{"line":1,"column":26}},"1":{"start":{"line":3,"column":26},"end":{"line":6,"column":2}},"2":{"start":{"line":8,"column":21},"end":{"line":15,"column":2}},"3":{"start":{"line":17,"column":25},"end":{"line":34,"column":2}},"4":{"start":{"line":36,"column":26},"end":{"line":67,"column":2}},"5":{"start":{"line":50,"column":10},"end":{"line":51,"column":61}},"6":{"start":{"line":51,"column":12},"end":{"line":51,"column":61}},"7":{"start":{"line":52,"column":10},"end":{"line":52,"column":23}},"8":{"start":{"line":69,"column":26},"end":{"line":71,"column":2}},"9":{"start":{"line":73,"column":26},"end":{"line":77,"column":2}},"10":{"start":{"line":79,"column":23},"end":{"line":83,"column":2}},"11":{"start":{"line":85,"column":0},"end":{"line":93,"column":2}}},"fnMap":{"0":{"name":"(anonymous_0)","decl":{"start":{"line":49,"column":16},"end":{"line":49,"column":17}},"loc":{"start":{"line":49,"column":27},"end":{"line":53,"column":9}},"line":49}},"branchMap":{"0":{"loc":{"start":{"line":50,"column":10},"end":{"line":51,"column":61}},"type":"if","locations":[{"start":{"line":50,"column":10},"end":{"line":51,"column":61}},{"start":{"line":50,"column":10},"end":{"line":51,"column":61}}],"line":50},"1":{"loc":{"start":{"line":50,"column":14},"end":{"line":50,"column":46}},"type":"binary-expr","locations":[{"start":{"line":50,"column":14},"end":{"line":50,"column":19}},{"start":{"line":50,"column":23},"end":{"line":50,"column":46}}],"line":50}},"s":{"0":1,"1":1,"2":1,"3":1,"4":1,"5":2,"6":1,"7":1,"8":1,"9":1,"10":1,"11":1},"f":{"0":2},"b":{"0":[1,1],"1":[2,2]},"_coverageSchema":"1a1c01bbd47fc00a2c39e90264f33305004495a9","hash":"2e0be7b12ddf05f80ea6bea8b301e5c888172c49","contentHash":"9e5ca374acd8156661185db22c0231d1d32bef6db05ef3e023adda0f8a002673"},"/Users/erikobatomi/Documents/Node-v3/services/bills/rave.create-bill.payment.js":{"path":"/Users/erikobatomi/Documents/Node-v3/services/bills/rave.create-bill.payment.js","statementMap":{"0":{"start":{"line":2,"column":22},"end":{"line":2,"column":54}},"1":{"start":{"line":3,"column":25},"end":{"line":3,"column":50}},"2":{"start":{"line":6,"column":2},"end":{"line":6,"column":32}},"3":{"start":{"line":7,"column":29},"end":{"line":7,"column":66}},"4":{"start":{"line":9,"column":2},"end":{"line":9,"column":18}},"5":{"start":{"line":12,"column":0},"end":{"line":12,"column":25}}},"fnMap":{"0":{"name":"service","decl":{"start":{"line":5,"column":15},"end":{"line":5,"column":22}},"loc":{"start":{"line":5,"column":36},"end":{"line":10,"column":1}},"line":5}},"branchMap":{},"s":{"0":1,"1":1,"2":1,"3":1,"4":1,"5":1},"f":{"0":1},"b":{},"_coverageSchema":"1a1c01bbd47fc00a2c39e90264f33305004495a9","hash":"b374b9e2968579d9a8e5588a1244dbac30e49ba3","contentHash":"0e4f398d588fdbb05ea26258546dcab6990984c32d324728c718822ccd085c79"},"/Users/erikobatomi/Documents/Node-v3/services/bills/rave.create-bulk.bills.js":{"path":"/Users/erikobatomi/Documents/Node-v3/services/bills/rave.create-bulk.bills.js","statementMap":{"0":{"start":{"line":2,"column":22},"end":{"line":2,"column":54}},"1":{"start":{"line":3,"column":29},"end":{"line":3,"column":54}},"2":{"start":{"line":6,"column":2},"end":{"line":6,"column":36}},"3":{"start":{"line":7,"column":29},"end":{"line":7,"column":71}},"4":{"start":{"line":9,"column":2},"end":{"line":9,"column":18}},"5":{"start":{"line":12,"column":0},"end":{"line":12,"column":25}}},"fnMap":{"0":{"name":"service","decl":{"start":{"line":5,"column":15},"end":{"line":5,"column":22}},"loc":{"start":{"line":5,"column":36},"end":{"line":10,"column":1}},"line":5}},"branchMap":{},"s":{"0":1,"1":1,"2":1,"3":1,"4":1,"5":1},"f":{"0":1},"b":{},"_coverageSchema":"1a1c01bbd47fc00a2c39e90264f33305004495a9","hash":"5a2cc03251ae03aef3cf2162f2b6e254f60ede51","contentHash":"76ed935af2993bbac209931d1f81c7c8af2f49123e469bc780646fb270574da3"},"/Users/erikobatomi/Documents/Node-v3/services/bills/rave.create-order-billing-code.js":{"path":"/Users/erikobatomi/Documents/Node-v3/services/bills/rave.create-order-billing-code.js","statementMap":{"0":{"start":{"line":2,"column":22},"end":{"line":2,"column":54}},"1":{"start":{"line":3,"column":30},"end":{"line":3,"column":55}},"2":{"start":{"line":6,"column":2},"end":{"line":6,"column":37}},"3":{"start":{"line":7,"column":29},"end":{"line":10,"column":3}},"4":{"start":{"line":12,"column":2},"end":{"line":12,"column":18}},"5":{"start":{"line":15,"column":0},"end":{"line":15,"column":25}}},"fnMap":{"0":{"name":"service","decl":{"start":{"line":5,"column":15},"end":{"line":5,"column":22}},"loc":{"start":{"line":5,"column":36},"end":{"line":13,"column":1}},"line":5}},"branchMap":{},"s":{"0":1,"1":1,"2":2,"3":1,"4":1,"5":1},"f":{"0":2},"b":{},"_coverageSchema":"1a1c01bbd47fc00a2c39e90264f33305004495a9","hash":"aed4eff53db43e9780a9e471bfb3b8bbfcf44ae8","contentHash":"82ef81a57335c98ebe9a9a72830d049876a3e820b657a9d2653100de6952f61a"},"/Users/erikobatomi/Documents/Node-v3/services/bills/rave.get-bill-payments.js":{"path":"/Users/erikobatomi/Documents/Node-v3/services/bills/rave.get-bill-payments.js","statementMap":{"0":{"start":{"line":2,"column":22},"end":{"line":2,"column":54}},"1":{"start":{"line":3,"column":23},"end":{"line":3,"column":48}},"2":{"start":{"line":6,"column":2},"end":{"line":6,"column":30}},"3":{"start":{"line":7,"column":2},"end":{"line":7,"column":22}},"4":{"start":{"line":8,"column":29},"end":{"line":11,"column":3}},"5":{"start":{"line":13,"column":2},"end":{"line":13,"column":18}},"6":{"start":{"line":16,"column":0},"end":{"line":16,"column":25}}},"fnMap":{"0":{"name":"service","decl":{"start":{"line":5,"column":15},"end":{"line":5,"column":22}},"loc":{"start":{"line":5,"column":36},"end":{"line":14,"column":1}},"line":5}},"branchMap":{},"s":{"0":1,"1":1,"2":1,"3":1,"4":1,"5":1,"6":1},"f":{"0":1},"b":{},"_coverageSchema":"1a1c01bbd47fc00a2c39e90264f33305004495a9","hash":"2d2c60e1593142f5ee51eb7990c0f3c1dbd63c2e","contentHash":"a976ebf120d03620803e753875e485f11d3799b7da8cfc8c3afdb3172e89f1d5"},"/Users/erikobatomi/Documents/Node-v3/services/bills/rave.get.bill-categories.js":{"path":"/Users/erikobatomi/Documents/Node-v3/services/bills/rave.get.bill-categories.js","statementMap":{"0":{"start":{"line":1,"column":29},"end":{"line":1,"column":57}},"1":{"start":{"line":4,"column":2},"end":{"line":9,"column":4}},"2":{"start":{"line":12,"column":0},"end":{"line":12,"column":25}}},"fnMap":{"0":{"name":"service","decl":{"start":{"line":3,"column":15},"end":{"line":3,"column":22}},"loc":{"start":{"line":3,"column":36},"end":{"line":10,"column":1}},"line":3}},"branchMap":{},"s":{"0":1,"1":1,"2":1},"f":{"0":1},"b":{},"_coverageSchema":"1a1c01bbd47fc00a2c39e90264f33305004495a9","hash":"50bce681b44e8373155802f12d035f5a62eca4d2","contentHash":"0dfca3b18d7f3e1e1e8d839d011e111dd02fc3b070d858d9d8567c6c82628fd3"},"/Users/erikobatomi/Documents/Node-v3/services/bills/rave.get.bill-payment-agencies.js":{"path":"/Users/erikobatomi/Documents/Node-v3/services/bills/rave.get.bill-payment-agencies.js","statementMap":{"0":{"start":{"line":1,"column":29},"end":{"line":1,"column":57}},"1":{"start":{"line":4,"column":2},"end":{"line":9,"column":4}},"2":{"start":{"line":12,"column":0},"end":{"line":12,"column":25}}},"fnMap":{"0":{"name":"service","decl":{"start":{"line":3,"column":15},"end":{"line":3,"column":22}},"loc":{"start":{"line":3,"column":36},"end":{"line":10,"column":1}},"line":3}},"branchMap":{},"s":{"0":1,"1":1,"2":1},"f":{"0":1},"b":{},"_coverageSchema":"1a1c01bbd47fc00a2c39e90264f33305004495a9","hash":"2331f902d238e8a29a124dc7f0c7fdbca0aec676","contentHash":"f1b5bb19559083fd41377daa0c5744e2d457b58e7cb3804675b98c1c3050befc"},"/Users/erikobatomi/Documents/Node-v3/services/bills/rave.get.status.js":{"path":"/Users/erikobatomi/Documents/Node-v3/services/bills/rave.get.status.js","statementMap":{"0":{"start":{"line":2,"column":22},"end":{"line":2,"column":54}},"1":{"start":{"line":3,"column":30},"end":{"line":3,"column":55}},"2":{"start":{"line":6,"column":2},"end":{"line":6,"column":37}},"3":{"start":{"line":7,"column":2},"end":{"line":7,"column":22}},"4":{"start":{"line":8,"column":29},"end":{"line":11,"column":3}},"5":{"start":{"line":13,"column":2},"end":{"line":13,"column":18}},"6":{"start":{"line":16,"column":0},"end":{"line":16,"column":25}}},"fnMap":{"0":{"name":"service","decl":{"start":{"line":5,"column":15},"end":{"line":5,"column":22}},"loc":{"start":{"line":5,"column":36},"end":{"line":14,"column":1}},"line":5}},"branchMap":{},"s":{"0":1,"1":1,"2":1,"3":1,"4":1,"5":1,"6":1},"f":{"0":1},"b":{},"_coverageSchema":"1a1c01bbd47fc00a2c39e90264f33305004495a9","hash":"76a135feb1af5d6d9a5df561419b343acfc21b0c","contentHash":"60837cd017e125cd90b8de2a8ea31bff50ef777232454e9673e8d66f9ccb5d6b"},"/Users/erikobatomi/Documents/Node-v3/services/bills/rave.products-under-an-agency.js":{"path":"/Users/erikobatomi/Documents/Node-v3/services/bills/rave.products-under-an-agency.js","statementMap":{"0":{"start":{"line":2,"column":22},"end":{"line":2,"column":54}},"1":{"start":{"line":3,"column":24},"end":{"line":3,"column":49}},"2":{"start":{"line":6,"column":2},"end":{"line":6,"column":31}},"3":{"start":{"line":7,"column":2},"end":{"line":7,"column":22}},"4":{"start":{"line":8,"column":2},"end":{"line":8,"column":27}},"5":{"start":{"line":9,"column":29},"end":{"line":12,"column":3}},"6":{"start":{"line":14,"column":2},"end":{"line":14,"column":18}},"7":{"start":{"line":17,"column":0},"end":{"line":17,"column":25}}},"fnMap":{"0":{"name":"service","decl":{"start":{"line":5,"column":15},"end":{"line":5,"column":22}},"loc":{"start":{"line":5,"column":36},"end":{"line":15,"column":1}},"line":5}},"branchMap":{},"s":{"0":1,"1":1,"2":1,"3":1,"4":1,"5":1,"6":1,"7":1},"f":{"0":1},"b":{},"_coverageSchema":"1a1c01bbd47fc00a2c39e90264f33305004495a9","hash":"8960736a78454f332ec8241ee97ec192a83e345b","contentHash":"5f692e150f3fd71cedd7678689f0ed7389979c9b788c9ccd92fead3ea814d489"},"/Users/erikobatomi/Documents/Node-v3/services/bills/rave.update-bills.order.js":{"path":"/Users/erikobatomi/Documents/Node-v3/services/bills/rave.update-bills.order.js","statementMap":{"0":{"start":{"line":2,"column":22},"end":{"line":2,"column":54}},"1":{"start":{"line":3,"column":30},"end":{"line":3,"column":55}},"2":{"start":{"line":6,"column":2},"end":{"line":6,"column":37}},"3":{"start":{"line":7,"column":2},"end":{"line":7,"column":22}},"4":{"start":{"line":8,"column":29},"end":{"line":11,"column":3}},"5":{"start":{"line":13,"column":2},"end":{"line":13,"column":18}},"6":{"start":{"line":16,"column":0},"end":{"line":16,"column":25}}},"fnMap":{"0":{"name":"service","decl":{"start":{"line":5,"column":15},"end":{"line":5,"column":22}},"loc":{"start":{"line":5,"column":36},"end":{"line":14,"column":1}},"line":5}},"branchMap":{},"s":{"0":1,"1":1,"2":1,"3":1,"4":1,"5":1,"6":1},"f":{"0":1},"b":{},"_coverageSchema":"1a1c01bbd47fc00a2c39e90264f33305004495a9","hash":"e581f3ed5c266c7d9be5af54efa722719da7bf00","contentHash":"d5c98e4483adf8049cd79fb348858fbfa24e7698bf508bcdb0e386822f4b1448"},"/Users/erikobatomi/Documents/Node-v3/services/bills/rave.validate-bill.js":{"path":"/Users/erikobatomi/Documents/Node-v3/services/bills/rave.validate-bill.js","statementMap":{"0":{"start":{"line":2,"column":22},"end":{"line":2,"column":54}},"1":{"start":{"line":3,"column":27},"end":{"line":3,"column":52}},"2":{"start":{"line":6,"column":2},"end":{"line":6,"column":34}},"3":{"start":{"line":7,"column":2},"end":{"line":7,"column":22}},"4":{"start":{"line":8,"column":2},"end":{"line":8,"column":27}},"5":{"start":{"line":9,"column":29},"end":{"line":12,"column":3}},"6":{"start":{"line":14,"column":2},"end":{"line":14,"column":18}},"7":{"start":{"line":17,"column":0},"end":{"line":17,"column":25}}},"fnMap":{"0":{"name":"service","decl":{"start":{"line":5,"column":15},"end":{"line":5,"column":22}},"loc":{"start":{"line":5,"column":36},"end":{"line":15,"column":1}},"line":5}},"branchMap":{},"s":{"0":1,"1":1,"2":1,"3":1,"4":1,"5":1,"6":1,"7":1},"f":{"0":1},"b":{},"_coverageSchema":"1a1c01bbd47fc00a2c39e90264f33305004495a9","hash":"9963c7963fbce6d51b60444720cb7911c2d92901","contentHash":"ee4c871eff6e651794fc443a39bbb090e995d4ade6dc35b10e4fe852181685d1"},"/Users/erikobatomi/Documents/Node-v3/lib/rave.charge.js":{"path":"/Users/erikobatomi/Documents/Node-v3/lib/rave.charge.js","statementMap":{"0":{"start":{"line":1,"column":20},"end":{"line":1,"column":66}},"1":{"start":{"line":2,"column":17},"end":{"line":2,"column":60}},"2":{"start":{"line":3,"column":16},"end":{"line":3,"column":59}},"3":{"start":{"line":4,"column":20},"end":{"line":4,"column":59}},"4":{"start":{"line":5,"column":24},"end":{"line":5,"column":67}},"5":{"start":{"line":6,"column":23},"end":{"line":6,"column":65}},"6":{"start":{"line":7,"column":20},"end":{"line":7,"column":58}},"7":{"start":{"line":8,"column":19},"end":{"line":8,"column":67}},"8":{"start":{"line":9,"column":17},"end":{"line":9,"column":60}},"9":{"start":{"line":10,"column":18},"end":{"line":10,"column":62}},"10":{"start":{"line":11,"column":15},"end":{"line":11,"column":56}},"11":{"start":{"line":12,"column":17},"end":{"line":12,"column":60}},"12":{"start":{"line":15,"column":2},"end":{"line":17,"column":4}},"13":{"start":{"line":16,"column":4},"end":{"line":16,"column":39}},"14":{"start":{"line":19,"column":2},"end":{"line":21,"column":4}},"15":{"start":{"line":20,"column":4},"end":{"line":20,"column":36}},"16":{"start":{"line":23,"column":2},"end":{"line":25,"column":4}},"17":{"start":{"line":24,"column":4},"end":{"line":24,"column":39}},"18":{"start":{"line":27,"column":2},"end":{"line":29,"column":4}},"19":{"start":{"line":28,"column":4},"end":{"line":28,"column":35}},"20":{"start":{"line":31,"column":2},"end":{"line":33,"column":4}},"21":{"start":{"line":32,"column":4},"end":{"line":32,"column":39}},"22":{"start":{"line":35,"column":2},"end":{"line":37,"column":4}},"23":{"start":{"line":36,"column":4},"end":{"line":36,"column":43}},"24":{"start":{"line":39,"column":2},"end":{"line":41,"column":4}},"25":{"start":{"line":40,"column":4},"end":{"line":40,"column":42}},"26":{"start":{"line":42,"column":2},"end":{"line":44,"column":4}},"27":{"start":{"line":43,"column":4},"end":{"line":43,"column":38}},"28":{"start":{"line":45,"column":2},"end":{"line":47,"column":4}},"29":{"start":{"line":46,"column":4},"end":{"line":46,"column":36}},"30":{"start":{"line":48,"column":2},"end":{"line":50,"column":4}},"31":{"start":{"line":49,"column":4},"end":{"line":49,"column":37}},"32":{"start":{"line":51,"column":2},"end":{"line":53,"column":4}},"33":{"start":{"line":52,"column":4},"end":{"line":52,"column":34}},"34":{"start":{"line":54,"column":2},"end":{"line":56,"column":4}},"35":{"start":{"line":55,"column":4},"end":{"line":55,"column":36}},"36":{"start":{"line":58,"column":0},"end":{"line":58,"column":24}}},"fnMap":{"0":{"name":"Charge","decl":{"start":{"line":14,"column":9},"end":{"line":14,"column":15}},"loc":{"start":{"line":14,"column":26},"end":{"line":57,"column":1}},"line":14},"1":{"name":"(anonymous_1)","decl":{"start":{"line":15,"column":14},"end":{"line":15,"column":15}},"loc":{"start":{"line":15,"column":30},"end":{"line":17,"column":3}},"line":15},"2":{"name":"(anonymous_2)","decl":{"start":{"line":19,"column":12},"end":{"line":19,"column":13}},"loc":{"start":{"line":19,"column":28},"end":{"line":21,"column":3}},"line":19},"3":{"name":"(anonymous_3)","decl":{"start":{"line":23,"column":13},"end":{"line":23,"column":14}},"loc":{"start":{"line":23,"column":29},"end":{"line":25,"column":3}},"line":23},"4":{"name":"(anonymous_4)","decl":{"start":{"line":27,"column":12},"end":{"line":27,"column":13}},"loc":{"start":{"line":27,"column":28},"end":{"line":29,"column":3}},"line":27},"5":{"name":"(anonymous_5)","decl":{"start":{"line":31,"column":14},"end":{"line":31,"column":15}},"loc":{"start":{"line":31,"column":30},"end":{"line":33,"column":3}},"line":31},"6":{"name":"(anonymous_6)","decl":{"start":{"line":35,"column":18},"end":{"line":35,"column":19}},"loc":{"start":{"line":35,"column":34},"end":{"line":37,"column":3}},"line":35},"7":{"name":"(anonymous_7)","decl":{"start":{"line":39,"column":17},"end":{"line":39,"column":18}},"loc":{"start":{"line":39,"column":33},"end":{"line":41,"column":3}},"line":39},"8":{"name":"(anonymous_8)","decl":{"start":{"line":42,"column":23},"end":{"line":42,"column":24}},"loc":{"start":{"line":42,"column":39},"end":{"line":44,"column":3}},"line":42},"9":{"name":"(anonymous_9)","decl":{"start":{"line":45,"column":18},"end":{"line":45,"column":19}},"loc":{"start":{"line":45,"column":34},"end":{"line":47,"column":3}},"line":45},"10":{"name":"(anonymous_10)","decl":{"start":{"line":48,"column":19},"end":{"line":48,"column":20}},"loc":{"start":{"line":48,"column":35},"end":{"line":50,"column":3}},"line":48},"11":{"name":"(anonymous_11)","decl":{"start":{"line":51,"column":16},"end":{"line":51,"column":17}},"loc":{"start":{"line":51,"column":32},"end":{"line":53,"column":3}},"line":51},"12":{"name":"(anonymous_12)","decl":{"start":{"line":54,"column":18},"end":{"line":54,"column":19}},"loc":{"start":{"line":54,"column":34},"end":{"line":56,"column":3}},"line":54}},"branchMap":{},"s":{"0":1,"1":1,"2":1,"3":1,"4":1,"5":1,"6":1,"7":1,"8":1,"9":1,"10":1,"11":1,"12":30,"13":5,"14":30,"15":2,"16":30,"17":2,"18":30,"19":1,"20":30,"21":2,"22":30,"23":1,"24":30,"25":0,"26":30,"27":2,"28":30,"29":4,"30":30,"31":4,"32":30,"33":4,"34":30,"35":3,"36":1},"f":{"0":30,"1":5,"2":2,"3":2,"4":1,"5":2,"6":1,"7":0,"8":2,"9":4,"10":4,"11":4,"12":3},"b":{},"_coverageSchema":"1a1c01bbd47fc00a2c39e90264f33305004495a9","hash":"93104e87f797fffdcd8bc4b5b422b7617b1e21ff","contentHash":"0b4e6dae565acd8c9465111bd0ea94ff6cdb488a4fa39bcfe5865c7d3f8e2cad"},"/Users/erikobatomi/Documents/Node-v3/services/charge/rave.card.charge.js":{"path":"/Users/erikobatomi/Documents/Node-v3/services/charge/rave.card.charge.js","statementMap":{"0":{"start":{"line":1,"column":16},"end":{"line":1,"column":35}},"1":{"start":{"line":3,"column":22},"end":{"line":3,"column":54}},"2":{"start":{"line":4,"column":29},"end":{"line":4,"column":56}},"3":{"start":{"line":7,"column":2},"end":{"line":7,"column":36}},"4":{"start":{"line":9,"column":18},"end":{"line":9,"column":60}},"5":{"start":{"line":10,"column":16},"end":{"line":10,"column":18}},"6":{"start":{"line":11,"column":2},"end":{"line":11,"column":44}},"7":{"start":{"line":12,"column":2},"end":{"line":12,"column":29}},"8":{"start":{"line":14,"column":29},"end":{"line":17,"column":3}},"9":{"start":{"line":20,"column":2},"end":{"line":20,"column":18}},"10":{"start":{"line":22,"column":0},"end":{"line":22,"column":25}}},"fnMap":{"0":{"name":"service","decl":{"start":{"line":6,"column":15},"end":{"line":6,"column":22}},"loc":{"start":{"line":6,"column":36},"end":{"line":21,"column":1}},"line":6}},"branchMap":{},"s":{"0":1,"1":1,"2":1,"3":5,"4":3,"5":3,"6":3,"7":3,"8":3,"9":3,"10":1},"f":{"0":5},"b":{},"_coverageSchema":"1a1c01bbd47fc00a2c39e90264f33305004495a9","hash":"22049d582b1bfbf1b935aa5c25b6a39b9eb55a69","contentHash":"0d7d7b647f9bed76f8b5f4
[...]
7},"end":{"line":4,"column":80}},"4":{"start":{"line":5,"column":23},"end":{"line":5,"column":72}},"5":{"start":{"line":6,"column":21},"end":{"line":6,"column":68}},"6":{"start":{"line":7,"column":24},"end":{"line":7,"column":80}},"7":{"start":{"line":10,"column":2},"end":{"line":12,"column":4}},"8":{"start":{"line":11,"column":4},"end":{"line":11,"column":39}},"9":{"start":{"line":14,"column":2},"end":{"line":16,"column":4}},"10":{"start":{"line":15,"column":4},"end":{"line":15,"column":37}},"11":{"start":{"line":18,"column":2},"end":{"line":20,"column":4}},"12":{"start":{"line":19,"column":4},"end":{"line":19,"column":40}},"13":{"start":{"line":22,"column":2},"end":{"line":24,"column":4}},"14":{"start":{"line":23,"column":4},"end":{"line":23,"column":46}},"15":{"start":{"line":26,"column":2},"end":{"line":28,"column":4}},"16":{"start":{"line":27,"column":4},"end":{"line":27,"column":42}},"17":{"start":{"line":30,"column":2},"end":{"line":32,"column":4}},"18":{"start":{"line":31,"column":4},"end":{"line":31,"column":40}},"19":{"start":{"line":34,"column":2},"end":{"line":36,"column":3}},"20":{"start":{"line":35,"column":4},"end":{"line":35,"column":43}},"21":{"start":{"line":38,"column":0},"end":{"line":38,"column":30}}},"fnMap":{"0":{"name":"Transactions","decl":{"start":{"line":9,"column":9},"end":{"line":9,"column":21}},"loc":{"start":{"line":9,"column":32},"end":{"line":37,"column":1}},"line":9},"1":{"name":"(anonymous_1)","decl":{"start":{"line":10,"column":15},"end":{"line":10,"column":16}},"loc":{"start":{"line":10,"column":31},"end":{"line":12,"column":3}},"line":10},"2":{"name":"(anonymous_2)","decl":{"start":{"line":14,"column":13},"end":{"line":14,"column":14}},"loc":{"start":{"line":14,"column":29},"end":{"line":16,"column":3}},"line":14},"3":{"name":"(anonymous_3)","decl":{"start":{"line":18,"column":16},"end":{"line":18,"column":17}},"loc":{"start":{"line":18,"column":32},"end":{"line":20,"column":3}},"line":18},"4":{"name":"(anonymous_4)","decl":{"start":{"line":22,"column":22},"end":{"line":22,"column":23}},"loc":{"start":{"line":22,"column":38},"end":{"line":24,"column":3}},"line":22},"5":{"name":"(anonymous_5)","decl":{"start":{"line":26,"column":15},"end":{"line":26,"column":16}},"loc":{"start":{"line":26,"column":31},"end":{"line":28,"column":3}},"line":26},"6":{"name":"(anonymous_6)","decl":{"start":{"line":30,"column":16},"end":{"line":30,"column":17}},"loc":{"start":{"line":30,"column":32},"end":{"line":32,"column":3}},"line":30},"7":{"name":"(anonymous_7)","decl":{"start":{"line":34,"column":22},"end":{"line":34,"column":23}},"loc":{"start":{"line":34,"column":38},"end":{"line":36,"column":3}},"line":34}},"branchMap":{},"s":{"0":1,"1":1,"2":1,"3":1,"4":1,"5":1,"6":1,"7":7,"8":1,"9":7,"10":1,"11":7,"12":1,"13":7,"14":1,"15":7,"16":1,"17":7,"18":1,"19":7,"20":1,"21":1},"f":{"0":7,"1":1,"2":1,"3":1,"4":1,"5":1,"6":1,"7":1},"b":{},"_coverageSchema":"1a1c01bbd47fc00a2c39e90264f33305004495a9","hash":"68f24f5d69453ead341d1812cdb156e57e3eea4f","contentHash":"8966610150f041b56beb9cea70afd39bb76bc9a9d1e799144ee6deef107932ee"},"/Users/erikobatomi/Documents/Node-v3/services/transactions/rave.events.js":{"path":"/Users/erikobatomi/Documents/Node-v3/services/transactions/rave.events.js","statementMap":{"0":{"start":{"line":2,"column":22},"end":{"line":2,"column":54}},"1":{"start":{"line":3,"column":24},"end":{"line":3,"column":49}},"2":{"start":{"line":6,"column":2},"end":{"line":6,"column":31}},"3":{"start":{"line":7,"column":2},"end":{"line":7,"column":22}},"4":{"start":{"line":8,"column":2},"end":{"line":8,"column":27}},"5":{"start":{"line":9,"column":29},"end":{"line":12,"column":3}},"6":{"start":{"line":14,"column":2},"end":{"line":14,"column":18}},"7":{"start":{"line":17,"column":0},"end":{"line":17,"column":25}}},"fnMap":{"0":{"name":"service","decl":{"start":{"line":5,"column":15},"end":{"line":5,"column":22}},"loc":{"start":{"line":5,"column":36},"end":{"line":15,"column":1}},"line":5}},"branchMap":{},"s":{"0":1,"1":1,"2":1,"3":1,"4":1,"5":1,"6":1,"7":1},"f":{"0":1},"b":{},"_coverageSchema":"1a1c01bbd47fc00a2c39e90264f33305004495a9","hash":"122cbf6571a1a71c5b0992e3e99b471b4977f2e0","contentHash":"f4b0061a412865e5f549ed421fe30340091035ee0432d06c88537840a1ac7db3"},"/Users/erikobatomi/Documents/Node-v3/services/transactions/rave.fee.js":{"path":"/Users/erikobatomi/Documents/Node-v3/services/transactions/rave.fee.js","statementMap":{"0":{"start":{"line":2,"column":22},"end":{"line":2,"column":54}},"1":{"start":{"line":3,"column":22},"end":{"line":3,"column":52}},"2":{"start":{"line":6,"column":2},"end":{"line":6,"column":29}},"3":{"start":{"line":7,"column":2},"end":{"line":7,"column":22}},"4":{"start":{"line":8,"column":2},"end":{"line":8,"column":27}},"5":{"start":{"line":9,"column":29},"end":{"line":12,"column":3}},"6":{"start":{"line":14,"column":2},"end":{"line":14,"column":18}},"7":{"start":{"line":17,"column":0},"end":{"line":17,"column":25}}},"fnMap":{"0":{"name":"service","decl":{"start":{"line":5,"column":15},"end":{"line":5,"column":22}},"loc":{"start":{"line":5,"column":36},"end":{"line":15,"column":1}},"line":5}},"branchMap":{},"s":{"0":1,"1":1,"2":1,"3":1,"4":1,"5":1,"6":1,"7":1},"f":{"0":1},"b":{},"_coverageSchema":"1a1c01bbd47fc00a2c39e90264f33305004495a9","hash":"ea589c9a2cc1983d840754911b32858dc54935d9","contentHash":"0446755527565ebb3fabe05adbc5fc6d20bce0cf61e63986be8199fd58d67bc7"},"/Users/erikobatomi/Documents/Node-v3/services/transactions/rave.refund.js":{"path":"/Users/erikobatomi/Documents/Node-v3/services/transactions/rave.refund.js","statementMap":{"0":{"start":{"line":2,"column":22},"end":{"line":2,"column":54}},"1":{"start":{"line":3,"column":25},"end":{"line":3,"column":52}},"2":{"start":{"line":6,"column":2},"end":{"line":6,"column":32}},"3":{"start":{"line":7,"column":2},"end":{"line":7,"column":23}},"4":{"start":{"line":8,"column":29},"end":{"line":11,"column":3}},"5":{"start":{"line":13,"column":2},"end":{"line":13,"column":18}},"6":{"start":{"line":16,"column":0},"end":{"line":16,"column":25}}},"fnMap":{"0":{"name":"service","decl":{"start":{"line":5,"column":15},"end":{"line":5,"column":22}},"loc":{"start":{"line":5,"column":36},"end":{"line":14,"column":1}},"line":5}},"branchMap":{},"s":{"0":1,"1":1,"2":1,"3":1,"4":1,"5":1,"6":1},"f":{"0":1},"b":{},"_coverageSchema":"1a1c01bbd47fc00a2c39e90264f33305004495a9","hash":"925f23b94e44b58775cc752d97165e2a5fca2550","contentHash":"89ade50778e933ae233a6a78af8e24e4e0e711a9f288cb56eb2b2c5b377be870"},"/Users/erikobatomi/Documents/Node-v3/services/transactions/rave.resend-hooks.js":{"path":"/Users/erikobatomi/Documents/Node-v3/services/transactions/rave.resend-hooks.js","statementMap":{"0":{"start":{"line":2,"column":22},"end":{"line":2,"column":54}},"1":{"start":{"line":3,"column":24},"end":{"line":3,"column":49}},"2":{"start":{"line":6,"column":2},"end":{"line":6,"column":31}},"3":{"start":{"line":7,"column":2},"end":{"line":7,"column":23}},"4":{"start":{"line":8,"column":29},"end":{"line":11,"column":3}},"5":{"start":{"line":13,"column":2},"end":{"line":13,"column":18}},"6":{"start":{"line":16,"column":0},"end":{"line":16,"column":25}}},"fnMap":{"0":{"name":"service","decl":{"start":{"line":5,"column":15},"end":{"line":5,"column":22}},"loc":{"start":{"line":5,"column":36},"end":{"line":14,"column":1}},"line":5}},"branchMap":{},"s":{"0":1,"1":1,"2":1,"3":1,"4":1,"5":1,"6":1},"f":{"0":1},"b":{},"_coverageSchema":"1a1c01bbd47fc00a2c39e90264f33305004495a9","hash":"45b917d770f8e5db78f5f4dac54aad220ce7d6b8","contentHash":"f211f43ec958673097cb05a6edb3c5e3b472e3d68b8dc6c7aaea540b42465264"},"/Users/erikobatomi/Documents/Node-v3/services/transactions/rave.retrieve.js":{"path":"/Users/erikobatomi/Documents/Node-v3/services/transactions/rave.retrieve.js","statementMap":{"0":{"start":{"line":1,"column":29},"end":{"line":1,"column":57}},"1":{"start":{"line":4,"column":2},"end":{"line":9,"column":4}},"2":{"start":{"line":12,"column":0},"end":{"line":12,"column":25}}},"fnMap":{"0":{"name":"service","decl":{"start":{"line":3,"column":15},"end":{"line":3,"column":22}},"loc":{"start":{"line":3,"column":36},"end":{"line":10,"column":1}},"line":3}},"branchMap":{},"s":{"0":1,"1":1,"2":1},"f":{"0":1},"b":{},"_coverageSchema":"1a1c01bbd47fc00a2c39e90264f33305004495a9","hash":"130c2ae0e59d6905ee4807e838adf219405bfcd6","contentHash":"c5000b70e1b0883467465d95609874aee4973ea3ad384cb31e085d17b908ad03"},"/Users/erikobatomi/Documents/Node-v3/services/transactions/rave.verify.js":{"path":"/Users/erikobatomi/Documents/Node-v3/services/transactions/rave.verify.js","statementMap":{"0":{"start":{"line":2,"column":22},"end":{"line":2,"column":54}},"1":{"start":{"line":3,"column":24},"end":{"line":3,"column":49}},"2":{"start":{"line":6,"column":2},"end":{"line":6,"column":31}},"3":{"start":{"line":7,"column":2},"end":{"line":7,"column":22}},"4":{"start":{"line":8,"column":2},"end":{"line":8,"column":27}},"5":{"start":{"line":9,"column":29},"end":{"line":12,"column":3}},"6":{"start":{"line":14,"column":2},"end":{"line":14,"column":18}},"7":{"start":{"line":17,"column":0},"end":{"line":17,"column":25}}},"fnMap":{"0":{"name":"service","decl":{"start":{"line":5,"column":15},"end":{"line":5,"column":22}},"loc":{"start":{"line":5,"column":36},"end":{"line":15,"column":1}},"line":5}},"branchMap":{},"s":{"0":1,"1":1,"2":1,"3":1,"4":1,"5":1,"6":1,"7":1},"f":{"0":1},"b":{},"_coverageSchema":"1a1c01bbd47fc00a2c39e90264f33305004495a9","hash":"7fa6ed56a85b0a9ad839ea52efb031ed63bd4073","contentHash":"c0c2a89793b8dfb243f2a335d01e08ebcd4cad052be9decd0c97096bf6ac6233"},"/Users/erikobatomi/Documents/Node-v3/services/transactions/rave.verify-by-txref.js":{"path":"/Users/erikobatomi/Documents/Node-v3/services/transactions/rave.verify-by-txref.js","statementMap":{"0":{"start":{"line":1,"column":23},"end":{"line":1,"column":48}},"1":{"start":{"line":3,"column":22},"end":{"line":3,"column":54}},"2":{"start":{"line":6,"column":2},"end":{"line":6,"column":30}},"3":{"start":{"line":7,"column":2},"end":{"line":7,"column":22}},"4":{"start":{"line":8,"column":2},"end":{"line":8,"column":27}},"5":{"start":{"line":9,"column":29},"end":{"line":12,"column":3}},"6":{"start":{"line":14,"column":2},"end":{"line":14,"column":18}},"7":{"start":{"line":16,"column":0},"end":{"line":16,"column":25}}},"fnMap":{"0":{"name":"service","decl":{"start":{"line":5,"column":15},"end":{"line":5,"column":22}},"loc":{"start":{"line":5,"column":36},"end":{"line":15,"column":1}},"line":5}},"branchMap":{},"s":{"0":1,"1":1,"2":1,"3":1,"4":1,"5":1,"6":1,"7":1},"f":{"0":1},"b":{},"_coverageSchema":"1a1c01bbd47fc00a2c39e90264f33305004495a9","hash":"d809a1b7aa7c790abc181dd9ec0b3c4ae3e9a549","contentHash":"f81c0d77a7d3ea562fddbc4ac57d5b4875350607a7c013de5771533b31acf4f9"},"/Users/erikobatomi/Documents/Node-v3/lib/rave.transfers.js":{"path":"/Users/erikobatomi/Documents/Node-v3/lib/rave.transfers.js","statementMap":{"0":{"start":{"line":1,"column":22},"end":{"line":1,"column":64}},"1":{"start":{"line":2,"column":21},"end":{"line":2,"column":62}},"2":{"start":{"line":3,"column":26},"end":{"line":3,"column":72}},"3":{"start":{"line":4,"column":24},"end":{"line":4,"column":80}},"4":{"start":{"line":5,"column":21},"end":{"line":5,"column":64}},"5":{"start":{"line":6,"column":15},"end":{"line":6,"column":59}},"6":{"start":{"line":9,"column":2},"end":{"line":11,"column":4}},"7":{"start":{"line":10,"column":4},"end":{"line":10,"column":41}},"8":{"start":{"line":13,"column":2},"end":{"line":15,"column":4}},"9":{"start":{"line":14,"column":4},"end":{"line":14,"column":40}},"10":{"start":{"line":16,"column":2},"end":{"line":18,"column":4}},"11":{"start":{"line":17,"column":4},"end":{"line":17,"column":45}},"12":{"start":{"line":19,"column":2},"end":{"line":21,"column":4}},"13":{"start":{"line":20,"column":4},"end":{"line":20,"column":43}},"14":{"start":{"line":22,"column":2},"end":{"line":24,"column":4}},"15":{"start":{"line":23,"column":4},"end":{"line":23,"column":40}},"16":{"start":{"line":25,"column":2},"end":{"line":27,"column":4}},"17":{"start":{"line":26,"column":4},"end":{"line":26,"column":34}},"18":{"start":{"line":29,"column":0},"end":{"line":29,"column":27}}},"fnMap":{"0":{"name":"Transfers","decl":{"start":{"line":8,"column":9},"end":{"line":8,"column":18}},"loc":{"start":{"line":8,"column":29},"end":{"line":28,"column":1}},"line":8},"1":{"name":"(anonymous_1)","decl":{"start":{"line":9,"column":14},"end":{"line":9,"column":15}},"loc":{"start":{"line":9,"column":30},"end":{"line":11,"column":3}},"line":9},"2":{"name":"(anonymous_2)","decl":{"start":{"line":13,"column":13},"end":{"line":13,"column":14}},"loc":{"start":{"line":13,"column":29},"end":{"line":15,"column":3}},"line":13},"3":{"name":"(anonymous_3)","decl":{"start":{"line":16,"column":18},"end":{"line":16,"column":19}},"loc":{"start":{"line":16,"column":34},"end":{"line":18,"column":3}},"line":16},"4":{"name":"(anonymous_4)","decl":{"start":{"line":19,"column":15},"end":{"line":19,"column":16}},"loc":{"start":{"line":19,"column":31},"end":{"line":21,"column":3}},"line":19},"5":{"name":"(anonymous_5)","decl":{"start":{"line":22,"column":24},"end":{"line":22,"column":25}},"loc":{"start":{"line":22,"column":40},"end":{"line":24,"column":3}},"line":22},"6":{"name":"(anonymous_6)","decl":{"start":{"line":25,"column":26},"end":{"line":25,"column":27}},"loc":{"start":{"line":25,"column":42},"end":{"line":27,"column":3}},"line":25}},"branchMap":{},"s":{"0":1,"1":1,"2":1,"3":1,"4":1,"5":1,"6":8,"7":1,"8":8,"9":1,"10":8,"11":3,"12":8,"13":1,"14":8,"15":1,"16":8,"17":1,"18":1},"f":{"0":8,"1":1,"2":1,"3":3,"4":1,"5":1,"6":1},"b":{},"_coverageSchema":"1a1c01bbd47fc00a2c39e90264f33305004495a9","hash":"0ae623da225b58b485130feec9e0c93d70a30ab3","contentHash":"c634a1ea26950f7a7ceed38985fd1bcbe64b4a24b5c64140b3e331ab645b2fff"},"/Users/erikobatomi/Documents/Node-v3/services/transfers/rave.bulk.js":{"path":"/Users/erikobatomi/Documents/Node-v3/services/transfers/rave.bulk.js","statementMap":{"0":{"start":{"line":2,"column":22},"end":{"line":2,"column":54}},"1":{"start":{"line":3,"column":37},"end":{"line":3,"column":64}},"2":{"start":{"line":6,"column":2},"end":{"line":6,"column":44}},"3":{"start":{"line":7,"column":29},"end":{"line":7,"column":75}},"4":{"start":{"line":9,"column":2},"end":{"line":9,"column":18}},"5":{"start":{"line":12,"column":0},"end":{"line":12,"column":25}}},"fnMap":{"0":{"name":"service","decl":{"start":{"line":5,"column":15},"end":{"line":5,"column":22}},"loc":{"start":{"line":5,"column":36},"end":{"line":10,"column":1}},"line":5}},"branchMap":{},"s":{"0":1,"1":1,"2":1,"3":1,"4":1,"5":1},"f":{"0":1},"b":{},"_coverageSchema":"1a1c01bbd47fc00a2c39e90264f33305004495a9","hash":"c1e391ae99282bc11109c88cfdb42c0b39435d25","contentHash":"8f7ff01c26c59e9d0bdcde41cdd2f476c21884343a8062e12eed0e93d937a81c"},"/Users/erikobatomi/Documents/Node-v3/services/transfers/rave.fee.js":{"path":"/Users/erikobatomi/Documents/Node-v3/services/transfers/rave.fee.js","statementMap":{"0":{"start":{"line":1,"column":23},"end":{"line":1,"column":48}},"1":{"start":{"line":3,"column":22},"end":{"line":3,"column":54}},"2":{"start":{"line":7,"column":2},"end":{"line":7,"column":30}},"3":{"start":{"line":8,"column":2},"end":{"line":8,"column":22}},"4":{"start":{"line":9,"column":2},"end":{"line":9,"column":27}},"5":{"start":{"line":10,"column":29},"end":{"line":13,"column":3}},"6":{"start":{"line":15,"column":2},"end":{"line":15,"column":18}},"7":{"start":{"line":17,"column":0},"end":{"line":17,"column":25}}},"fnMap":{"0":{"name":"service","decl":{"start":{"line":6,"column":15},"end":{"line":6,"column":22}},"loc":{"start":{"line":6,"column":36},"end":{"line":16,"column":1}},"line":6}},"branchMap":{},"s":{"0":1,"1":1,"2":1,"3":1,"4":1,"5":1,"6":1,"7":1},"f":{"0":1},"b":{},"_coverageSchema":"1a1c01bbd47fc00a2c39e90264f33305004495a9","hash":"92979cf6997229720b06d7a1d7b1d2cf779c1529","contentHash":"9dec098c0476b88b67ad0ea3f9af64fbc8781e6ad8bdcae61dc528b19bd0ddc5"},"/Users/erikobatomi/Documents/Node-v3/services/transfers/rave.initiate.js":{"path":"/Users/erikobatomi/Documents/Node-v3/services/transfers/rave.initiate.js","statementMap":{"0":{"start":{"line":2,"column":22},"end":{"line":2,"column":54}},"1":{"start":{"line":3,"column":27},"end":{"line":3,"column":54}},"2":{"start":{"line":6,"column":2},"end":{"line":6,"column":34}},"3":{"start":{"line":7,"column":29},"end":{"line":7,"column":70}},"4":{"start":{"line":9,"column":2},"end":{"line":9,"column":18}},"5":{"start":{"line":12,"column":0},"end":{"line":12,"column":25}}},"fnMap":{"0":{"name":"service","decl":{"start":{"line":5,"column":15},"end":{"line":5,"column":22}},"loc":{"start":{"line":5,"column":36},"end":{"line":10,"column":1}},"line":5}},"branchMap":{},"s":{"0":1,"1":1,"2":3,"3":2,"4":2,"5":1},"f":{"0":3},"b":{},"_coverageSchema":"1a1c01bbd47fc00a2c39e90264f33305004495a9","hash":"fd9bd6b62abc48a095786cb3fbf5fbe8129b72dc","contentHash":"e676f6d59e92c3a97097fbe325186ed0acd4e579a8722f80cba41a0735ca144f"},"/Users/erikobatomi/Documents/Node-v3/services/transfers/rave.retrieve.transfers.js":{"path":"/Users/erikobatomi/Documents/Node-v3/services/transfers/rave.retrieve.transfers.js","statementMap":{"0":{"start":{"line":1,"column":29},"end":{"line":1,"column":57}},"1":{"start":{"line":4,"column":2},"end":{"line":4,"column":80}},"2":{"start":{"line":7,"column":0},"end":{"line":7,"column":25}}},"fnMap":{"0":{"name":"service","decl":{"start":{"line":3,"column":15},"end":{"line":3,"column":22}},"loc":{"start":{"line":3,"column":36},"end":{"line":5,"column":1}},"line":3}},"branchMap":{},"s":{"0":1,"1":1,"2":1},"f":{"0":1},"b":{},"_coverageSchema":"1a1c01bbd47fc00a2c39e90264f33305004495a9","hash":"d1548a3c136c481987bb2bfb9db355e17a127cb2","contentHash":"d07865df87383646159b92e8c38c42c566e5b296fcfa156842e09513f1b2881f"},"/Users/erikobatomi/Documents/Node-v3/services/transfers/rave.fetch.js":{"path":"/Users/erikobatomi/Documents/Node-v3/services/transfers/rave.fetch.js","statementMap":{"0":{"start":{"line":2,"column":22},"end":{"line":2,"column":54}},"1":{"start":{"line":3,"column":24},"end":{"line":3,"column":49}},"2":{"start":{"line":6,"column":2},"end":{"line":6,"column":31}},"3":{"start":{"line":7,"column":2},"end":{"line":7,"column":22}},"4":{"start":{"line":8,"column":2},"end":{"line":8,"column":27}},"5":{"start":{"line":9,"column":29},"end":{"line":12,"column":3}},"6":{"start":{"line":14,"column":2},"end":{"line":14,"column":18}},"7":{"start":{"line":17,"column":0},"end":{"line":17,"column":25}}},"fnMap":{"0":{"name":"service","decl":{"start":{"line":5,"column":15},"end":{"line":5,"column":22}},"loc":{"start":{"line":5,"column":36},"end":{"line":15,"column":1}},"line":5}},"branchMap":{},"s":{"0":1,"1":1,"2":1,"3":1,"4":1,"5":1,"6":1,"7":1},"f":{"0":1},"b":{},"_coverageSchema":"1a1c01bbd47fc00a2c39e90264f33305004495a9","hash":"92dbe8e1b3c8cbc4e03d557c9144c207eece14b4","contentHash":"3fe0e13ff47c5530b35b82f8dfd56095f7579d68e3de84a72a55e0a929449125"},"/Users/erikobatomi/Documents/Node-v3/services/transfers/rave.wallet.js":{"path":"/Users/erikobatomi/Documents/Node-v3/services/transfers/rave.wallet.js","statementMap":{"0":{"start":{"line":2,"column":22},"end":{"line":2,"column":54}},"1":{"start":{"line":3,"column":33},"end":{"line":3,"column":60}},"2":{"start":{"line":6,"column":2},"end":{"line":6,"column":40}},"3":{"start":{"line":7,"column":29},"end":{"line":7,"column":70}},"4":{"start":{"line":9,"column":2},"end":{"line":9,"column":18}},"5":{"start":{"line":12,"column":0},"end":{"line":12,"column":25}}},"fnMap":{"0":{"name":"service","decl":{"start":{"line":5,"column":15},"end":{"line":5,"column":22}},"loc":{"start":{"line":5,"column":36},"end":{"line":10,"column":1}},"line":5}},"branchMap":{},"s":{"0":1,"1":1,"2":1,"3":1,"4":1,"5":1},"f":{"0":1},"b":{},"_coverageSchema":"1a1c01bbd47fc00a2c39e90264f33305004495a9","hash":"029699a411ee7714248f50512930d022160e37f3","contentHash":"96a4e1fe0b5528fbadfe3e3bf68b030442e9084c7b76c5e1d6ab2eccf63c895f"}}