TN:
SF:lib/rave.banks.js
FN:4,Bank
FN:6,(anonymous_1)
FN:11,(anonymous_2)
FNF:3
FNH:3
FNDA:2,Bank
FNDA:1,(anonymous_1)
FNDA:1,(anonymous_2)
DA:1,1
DA:2,1
DA:6,2
DA:8,1
DA:11,2
DA:13,1
DA:17,1
LF:7
LH:7
BRF:0
BRH:0
end_of_record
TN:
SF:lib/rave.base.js
FN:6,(anonymous_0)
FN:19,(anonymous_1)
FN:23,(anonymous_2)
FN:27,(anonymous_3)
FN:31,(anonymous_4)
FN:37,(anonymous_5)
FN:101,(anonymous_6)
FN:106,(anonymous_7)
FN:114,(anonymous_8)
FN:116,(anonymous_9)
FN:124,(anonymous_10)
FN:127,(anonymous_11)
FN:128,(anonymous_12)
FN:133,(anonymous_13)
FN:138,(anonymous_14)
FN:139,(anonymous_15)
FN:141,(anonymous_16)
FN:149,(anonymous_17)
FN:152,(anonymous_18)
FN:153,(anonymous_19)
FN:158,(anonymous_20)
FNF:21
FNH:14
FNDA:41,(anonymous_0)
FNDA:3,(anonymous_1)
FNDA:4,(anonymous_2)
FNDA:4,(anonymous_3)
FNDA:0,(anonymous_4)
FNDA:2,(anonymous_5)
FNDA:1,(anonymous_6)
FNDA:1,(anonymous_7)
FNDA:1,(anonymous_8)
FNDA:1,(anonymous_9)
FNDA:1,(anonymous_10)
FNDA:0,(anonymous_11)
FNDA:0,(anonymous_12)
FNDA:0,(anonymous_13)
FNDA:1,(anonymous_14)
FNDA:1,(anonymous_15)
FNDA:1,(anonymous_16)
FNDA:1,(anonymous_17)
FNDA:0,(anonymous_18)
FNDA:0,(anonymous_19)
FNDA:0,(anonymous_20)
DA:1,1
DA:2,1
DA:3,1
DA:4,1
DA:6,1
DA:7,41
DA:8,41
DA:10,41
DA:11,41
DA:12,41
DA:15,41
DA:16,0
DA:19,41
DA:20,3
DA:23,41
DA:24,4
DA:27,41
DA:28,4
DA:31,41
DA:32,0
DA:33,0
DA:37,41
DA:38,2
DA:39,2
DA:43,2
DA:44,2
DA:45,2
DA:51,2
DA:54,2
DA:63,2
DA:64,1
DA:65,1
DA:66,1
DA:67,1
DA:68,1
DA:69,1
DA:70,1
DA:75,1
DA:77,1
DA:78,1
DA:79,1
DA:80,1
DA:85,2
DA:86,2
DA:87,2
DA:88,2
DA:89,2
DA:90,2
DA:92,2
DA:93,1
DA:94,1
DA:96,1
DA:101,1
DA:102,1
DA:103,1
DA:106,1
DA:107,1
DA:114,1
DA:115,1
DA:117,1
DA:122,1
DA:125,1
DA:128,0
DA:129,0
DA:134,0
DA:138,1
DA:139,1
DA:140,1
DA:142,1
DA:147,1
DA:150,1
DA:153,0
DA:154,0
DA:159,0
DA:164,1
LF:75
LH:66
BRDA:15,0,0,0
BRDA:15,0,1,41
BRDA:15,1,0,41
BRDA:15,1,1,0
BRDA:32,2,0,0
BRDA:32,2,1,0
BRDA:41,3,0,2
BRDA:41,3,1,0
BRDA:43,4,0,2
BRDA:43,4,1,0
BRDA:43,5,0,2
BRDA:43,5,1,1
BRDA:44,6,0,2
BRDA:44,6,1,0
BRDA:63,7,0,1
BRDA:63,7,1,1
BRDA:65,8,0,1
BRDA:65,8,1,0
BRDA:68,9,0,1
BRDA:68,9,1,0
BRDA:69,10,0,0
BRDA:69,10,1,1
BRDA:75,11,0,1
BRDA:75,11,1,0
BRDA:92,12,0,1
BRDA:92,12,1,1
BRDA:129,13,0,0
BRDA:129,13,1,0
BRDA:154,14,0,0
BRDA:154,14,1,0
BRF:30
BRH:15
end_of_record
TN:
SF:lib/rave.beneficiaries.js
FN:6,Beneficiaries
FN:7,(anonymous_1)
FN:11,(anonymous_2)
FN:14,(anonymous_3)
FN:17,(anonymous_4)
FNF:5
FNH:5
FNDA:4,Beneficiaries
FNDA:1,(anonymous_1)
FNDA:1,(anonymous_2)
FNDA:1,(anonymous_3)
FNDA:1,(anonymous_4)
DA:1,1
DA:2,1
DA:3,1
DA:4,1
DA:7,4
DA:8,1
DA:11,4
DA:12,1
DA:14,4
DA:15,1
DA:17,4
DA:18,1
DA:21,1
LF:13
LH:13
BRF:0
BRH:0
end_of_record
TN:
SF:lib/rave.bills.js
FN:15,Bills
FN:16,(anonymous_1)
FN:20,(anonymous_2)
FN:24,(anonymous_3)
FN:28,(anonymous_4)
FN:32,(anonymous_5)
FN:36,(anonymous_6)
FN:39,(anonymous_7)
FN:42,(anonymous_8)
FN:45,(anonymous_9)
FN:49,(anonymous_10)
FN:53,(anonymous_11)
FNF:12
FNH:12
FNDA:12,Bills
FNDA:1,(anonymous_1)
FNDA:1,(anonymous_2)
FNDA:1,(anonymous_3)
FNDA:2,(anonymous_4)
FNDA:1,(anonymous_5)
FNDA:1,(anonymous_6)
FNDA:1,(anonymous_7)
FNDA:1,(anonymous_8)
FNDA:1,(anonymous_9)
FNDA:1,(anonymous_10)
FNDA:1,(anonymous_11)
DA:1,1
DA:2,1
DA:3,1
DA:4,1
DA:6,1
DA:7,1
DA:8,1
DA:10,1
DA:11,1
DA:12,1
DA:13,1
DA:16,12
DA:17,1
DA:20,12
DA:21,1
DA:24,12
DA:25,1
DA:28,12
DA:29,2
DA:32,12
DA:33,1
DA:36,12
DA:37,1
DA:39,12
DA:40,1
DA:42,12
DA:43,1
DA:45,12
DA:46,1
DA:49,12
DA:50,1
DA:53,12
DA:54,1
DA:57,1
LF:34
LH:34
BRF:0
BRH:0
end_of_record
TN:
SF:lib/rave.charge.js
FN:14,Charge
FN:15,(anonymous_1)
FN:19,(anonymous_2)
FN:23,(anonymous_3)
FN:27,(anonymous_4)
FN:31,(anonymous_5)
FN:35,(anonymous_6)
FN:39,(anonymous_7)
FN:42,(anonymous_8)
FN:45,(anonymous_9)
FN:48,(anonymous_10)
FN:51,(anonymous_11)
FN:54,(anonymous_12)
FNF:13
FNH:12
FNDA:29,Charge
FNDA:4,(anonymous_1)
FNDA:2,(anonymous_2)
FNDA:2,(anonymous_3)
FNDA:1,(anonymous_4)
FNDA:2,(anonymous_5)
FNDA:1,(anonymous_6)
FNDA:0,(anonymous_7)
FNDA:2,(anonymous_8)
FNDA:4,(anonymous_9)
FNDA:4,(anonymous_10)
FNDA:4,(anonymous_11)
FNDA:3,(anonymous_12)
DA:1,1
DA:2,1
DA:3,1
DA:4,1
DA:5,1
DA:6,1
DA:7,1
DA:8,1
DA:9,1
DA:10,1
DA:11,1
DA:12,1
DA:15,29
DA:16,4
DA:19,29
DA:20,2
DA:23,29
DA:24,2
DA:27,29
DA:28,1
DA:31,29
DA:32,2
DA:35,29
DA:36,1
DA:39,29
DA:40,0
DA:42,29
DA:43,2
DA:45,29
DA:46,4
DA:48,29
DA:49,4
DA:51,29
DA:52,4
DA:54,29
DA:55,3
DA:58,1
LF:37
LH:36
BRF:0
BRH:0
end_of_record
TN:
SF:lib/rave.ebills.js
FN:4,Ebills
FN:6,(anonymous_1)
FN:12,(anonymous_2)
FNF:3
FNH:3
FNDA:4,Ebills
FNDA:3,(anonymous_1)
FNDA:1,(anonymous_2)
DA:1,1
DA:2,1
DA:6,4
DA:8,3
DA:12,4
DA:14,1
DA:18,1
LF:7
LH:7
BRF:0
BRH:0
end_of_record
TN:
SF:lib/rave.misc.js
FN:7,Misc
FN:8,(anonymous_1)
FN:12,(anonymous_2)
FN:16,(anonymous_3)
FN:20,(anonymous_4)
FN:24,(anonymous_5)
FNF:6
FNH:6
FNDA:5,Misc
FNDA:1,(anonymous_1)
FNDA:1,(anonymous_2)
FNDA:1,(anonymous_3)
FNDA:1,(anonymous_4)
FNDA:1,(anonymous_5)
DA:1,1
DA:2,1
DA:3,1
DA:4,1
DA:5,1
DA:8,5
DA:9,1
DA:12,5
DA:13,1
DA:16,5
DA:17,1
DA:20,5
DA:21,1
DA:24,5
DA:25,1
DA:28,1
LF:16
LH:16
BRF:0
BRH:0
end_of_record
TN:
SF:lib/rave.mobile_money.js
FN:9,Mobile_money
FN:10,(anonymous_1)
FN:14,(anonymous_2)
FN:18,(anonymous_3)
FN:22,(anonymous_4)
FN:25,(anonymous_5)
FN:29,(anonymous_6)
FN:33,(anonymous_7)
FNF:8
FNH:8
FNDA:19,Mobile_money
FNDA:3,(anonymous_1)
FNDA:3,(anonymous_2)
FNDA:2,(anonymous_3)
FNDA:2,(anonymous_4)
FNDA:5,(anonymous_5)
FNDA:2,(anonymous_6)
FNDA:2,(anonymous_7)
DA:1,1
DA:2,1
DA:3,1
DA:4,1
DA:5,1
DA:6,1
DA:7,1
DA:10,19
DA:11,3
DA:14,19
DA:15,3
DA:18,19
DA:19,2
DA:22,19
DA:23,2
DA:25,19
DA:26,5
DA:29,19
DA:30,2
DA:33,19
DA:34,2
DA:37,1
LF:22
LH:22
BRF:0
BRH:0
end_of_record
TN:
SF:lib/rave.otps.js
FN:5,Otp
FN:7,(anonymous_1)
FN:13,(anonymous_2)
FNF:3
FNH:3
FNDA:2,Otp
FNDA:1,(anonymous_1)
FNDA:1,(anonymous_2)
DA:1,1
DA:2,1
DA:7,2
DA:9,1
DA:13,2
DA:15,1
DA:22,1
LF:7
LH:7
BRF:0
BRH:0
end_of_record
TN:
SF:lib/rave.payment_plan.js
FN:9,Payment_plan
FN:12,(anonymous_1)
FN:18,(anonymous_2)
FN:23,(anonymous_3)
FN:28,(anonymous_4)
FN:33,(anonymous_5)
FNF:6
FNH:6
FNDA:5,Payment_plan
FNDA:1,(anonymous_1)
FNDA:1,(anonymous_2)
FNDA:1,(anonymous_3)
FNDA:1,(anonymous_4)
FNDA:1,(anonymous_5)
DA:1,1
DA:2,1
DA:3,1
DA:4,1
DA:5,1
DA:12,5
DA:14,1
DA:18,5
DA:20,1
DA:23,5
DA:25,1
DA:28,5
DA:30,1
DA:33,5
DA:35,1
DA:40,1
LF:16
LH:16
BRF:0
BRH:0
end_of_record
TN:
SF:lib/rave.settlements.js
FN:5,Settlements
FN:8,(anonymous_1)
FN:14,(anonymous_2)
FNF:3
FNH:3
FNDA:2,Settlements
FNDA:1,(anonymous_1)
FNDA:1,(anonymous_2)
DA:1,1
DA:2,1
DA:8,2
DA:10,1
DA:14,2
DA:16,1
DA:22,1
LF:7
LH:7
BRF:0
BRH:0
end_of_record
TN:
SF:lib/rave.subscriptions.js
FN:7,Subscriptions
FN:10,(anonymous_1)
FN:16,(anonymous_2)
FN:22,(anonymous_3)
FN:28,(anonymous_4)
FNF:5
FNH:5
FNDA:4,Subscriptions
FNDA:1,(anonymous_1)
FNDA:1,(anonymous_2)
FNDA:1,(anonymous_3)
FNDA:1,(anonymous_4)
DA:1,1
DA:2,1
DA:3,1
DA:4,1
DA:10,4
DA:12,1
DA:16,4
DA:18,1
DA:22,4
DA:24,1
DA:28,4
DA:30,1
DA:35,1
LF:13
LH:13
BRF:0
BRH:0
end_of_record
TN:
SF:lib/rave.tokenized.js
FN:10,Tokenized
FN:13,(anonymous_1)
FN:18,(anonymous_2)
FN:24,(anonymous_3)
FN:30,(anonymous_4)
FN:37,(anonymous_5)
FNF:6
FNH:6
FNDA:6,Tokenized
FNDA:1,(anonymous_1)
FNDA:1,(anonymous_2)
FNDA:1,(anonymous_3)
FNDA:1,(anonymous_4)
FNDA:2,(anonymous_5)
DA:1,1
DA:2,1
DA:3,1
DA:4,1
DA:5,1
DA:13,6
DA:15,1
DA:18,6
DA:20,1
DA:24,6
DA:26,1
DA:30,6
DA:32,1
DA:37,6
DA:39,2
DA:46,1
LF:16
LH:16
BRF:0
BRH:0
end_of_record
TN:
SF:lib/rave.transactions.js
FN:9,Transactions
FN:10,(anonymous_1)
FN:14,(anonymous_2)
FN:18,(anonymous_3)
FN:22,(anonymous_4)
FN:26,(anonymous_5)
FN:30,(anonymous_6)
FN:34,(anonymous_7)
FNF:8
FNH:8
FNDA:7,Transactions
FNDA:1,(anonymous_1)
FNDA:1,(anonymous_2)
FNDA:1,(anonymous_3)
FNDA:1,(anonymous_4)
FNDA:1,(anonymous_5)
FNDA:1,(anonymous_6)
FNDA:1,(anonymous_7)
DA:1,1
DA:2,1
DA:3,1
DA:4,1
DA:5,1
DA:6,1
DA:7,1
DA:10,7
DA:11,1
DA:14,7
DA:15,1
DA:18,7
DA:19,1
DA:22,7
DA:23,1
DA:26,7
DA:27,1
DA:30,7
DA:31,1
DA:34,7
DA:35,1
DA:38,1
LF:22
LH:22
BRF:0
BRH:0
end_of_record
TN:
SF:lib/rave.transfers.js
FN:8,Transfers
FN:9,(anonymous_1)
FN:13,(anonymous_2)
FN:16,(anonymous_3)
FN:19,(anonymous_4)
FN:22,(anonymous_5)
FN:25,(anonymous_6)
FNF:7
FNH:7
FNDA:8,Transfers
FNDA:1,(anonymous_1)
FNDA:1,(anonymous_2)
FNDA:3,(anonymous_3)
FNDA:1,(anonymous_4)
FNDA:1,(anonymous_5)
FNDA:1,(anonymous_6)
DA:1,1
DA:2,1
DA:3,1
DA:4,1
DA:5,1
DA:6,1
DA:9,8
DA:10,1
DA:13,8
DA:14,1
DA:16,8
DA:17,3
DA:19,8
DA:20,1
DA:22,8
DA:23,1
DA:25,8
DA:26,1
DA:29,1
LF:19
LH:19
BRF:0
BRH:0
end_of_record
TN:
SF:lib/security.js
FN:6,getKey
FN:33,encrypt
FN:48,getIntegrityHash
FN:54,(anonymous_3)
FNF:4
FNH:4
FNDA:2,getKey
FNDA:2,encrypt
FNDA:2,getIntegrityHash
FNDA:5,(anonymous_3)
DA:2,1
DA:7,2
DA:8,2
DA:9,2
DA:11,2
DA:12,2
DA:14,2
DA:34,2
DA:35,2
DA:39,2
DA:42,2
DA:43,2
DA:44,2
DA:45,2
DA:50,2
DA:51,2
DA:52,2
DA:53,2
DA:56,5
DA:57,4
DA:60,2
DA:61,2
DA:62,2
DA:66,1
LF:24
LH:24
BRDA:56,0,0,1
BRDA:56,0,1,4
BRF:2
BRH:2
end_of_record
TN:
SF:services/banks/rave.banks-branches.js
FN:5,service
FNF:1
FNH:1
FNDA:1,service
DA:2,1
DA:3,1
DA:6,1
DA:7,1
DA:8,1
DA:9,1
DA:14,1
DA:17,1
LF:8
LH:8
BRF:0
BRH:0
end_of_record
TN:
SF:services/banks/rave.banks-country.js
FN:5,service
FNF:1
FNH:1
FNDA:1,service
DA:2,1
DA:3,1
DA:6,1
DA:7,1
DA:8,1
DA:9,1
DA:14,1
DA:17,1
LF:8
LH:8
BRF:0
BRH:0
end_of_record
TN:
SF:services/beneficiaries/rave.create.js
FN:5,service
FNF:1
FNH:1
FNDA:1,service
DA:2,1
DA:3,1
DA:6,1
DA:7,1
DA:9,1
DA:12,1
LF:6
LH:6
BRF:0
BRH:0
end_of_record
TN:
SF:services/beneficiaries/rave.delete.js
FN:5,service
FNF:1
FNH:1
FNDA:1,service
DA:2,1
DA:3,1
DA:6,1
DA:7,1
DA:8,1
DA:13,1
DA:16,1
LF:7
LH:7
BRF:0
BRH:0
end_of_record
TN:
SF:services/beneficiaries/rave.retrieve.js
FN:3,service
FNF:1
FNH:1
FNDA:1,service
DA:1,1
DA:4,1
DA:12,1
LF:3
LH:3
BRF:0
BRH:0
end_of_record
TN:
SF:services/beneficiaries/rave.single.retrieve.js
FN:5,service
FNF:1
FNH:1
FNDA:1,service
DA:2,1
DA:3,1
DA:6,1
DA:7,1
DA:8,1
DA:13,1
DA:16,1
LF:7
LH:7
BRF:0
BRH:0
end_of_record
TN:
SF:services/bills/rave.amount.to-be-paid.js
FN:5,service
FNF:1
FNH:1
FNDA:1,service
DA:2,1
DA:3,1
DA:6,1
DA:7,1
DA:8,1
DA:13,1
DA:16,1
LF:7
LH:7
BRF:0
BRH:0
end_of_record
TN:
SF:services/bills/rave.create-bill.payment.js
FN:5,service
FNF:1
FNH:1
FNDA:1,service
DA:2,1
DA:3,1
DA:6,1
DA:7,1
DA:9,1
DA:12,1
LF:6
LH:6
BRF:0
BRH:0
end_of_record
TN:
SF:services/bills/rave.create-bulk.bills.js
FN:5,service
FNF:1
FNH:1
FNDA:1,service
DA:2,1
DA:3,1
DA:6,1
DA:7,1
DA:9,1
DA:12,1
LF:6
LH:6
BRF:0
BRH:0
end_of_record
TN:
SF:services/bills/rave.create-order-billing-code.js
FN:5,service
FNF:1
FNH:1
FNDA:2,service
DA:2,1
DA:3,1
DA:6,2
DA:7,1
DA:12,1
DA:15,1
LF:6
LH:6
BRF:0
BRH:0
end_of_record
TN:
SF:services/bills/rave.get-bill-payments.js
FN:5,service
FNF:1
FNH:1
FNDA:1,service
DA:2,1
DA:3,1
DA:6,1
DA:7,1
DA:8,1
DA:13,1
DA:16,1
LF:7
LH:7
BRF:0
BRH:0
end_of_record
TN:
SF:services/bills/rave.get.bill-categories.js
FN:3,service
FNF:1
FNH:1
FNDA:1,service
DA:1,1
DA:4,1
DA:12,1
LF:3
LH:3
BRF:0
BRH:0
end_of_record
TN:
SF:services/bills/rave.get.bill-payment-agencies.js
FN:3,service
FNF:1
FNH:1
FNDA:1,service
DA:1,1
DA:4,1
DA:12,1
LF:3
LH:3
BRF:0
BRH:0
end_of_record
TN:
SF:services/bills/rave.get.status.js
FN:5,service
FNF:1
FNH:1
FNDA:1,service
DA:2,1
DA:3,1
DA:6,1
DA:7,1
DA:8,1
DA:13,1
DA:16,1
LF:7
LH:7
BRF:0
BRH:0
end_of_record
TN:
SF:services/bills/rave.products-under-an-agency.js
FN:5,service
FNF:1
FNH:1
FNDA:1,service
DA:2,1
DA:3,1
DA:6,1
DA:7,1
DA:8,1
DA:9,1
DA:14,1
DA:17,1
LF:8
LH:8
BRF:0
BRH:0
end_of_record
TN:
SF:services/bills/rave.update-bills.order.js
FN:5,service
FNF:1
FNH:1
FNDA:1,service
DA:2,1
DA:3,1
DA:6,1
DA:7,1
DA:8,1
DA:13,1
DA:16,1
LF:7
LH:7
BRF:0
BRH:0
end_of_record
TN:
SF:services/bills/rave.validate-bill.js
FN:5,service
FNF:1
FNH:1
FNDA:1,service
DA:2,1
DA:3,1
DA:6,1
DA:7,1
DA:8,1
DA:9,1
DA:14,1
DA:17,1
LF:8
LH:8
BRF:0
BRH:0
end_of_record
TN:
SF:services/charge/encryp.js
FN:2,encrypt
FNF:1
FNH:1
FNDA:2,encrypt
DA:1,1
DA:3,2
DA:7,2
DA:10,2
DA:11,2
DA:12,2
DA:13,2
DA:16,1
LF:8
LH:8
BRF:0
BRH:0
end_of_record
TN:
SF:services/charge/rave.ach.js
FN:5,service
FNF:1
FNH:1
FNDA:2,service
DA:2,1
DA:3,1
DA:6,2
DA:7,2
DA:12,2
DA:15,1
LF:6
LH:6
BRF:0
BRH:0
end_of_record
TN:
SF:services/charge/rave.applepay.js
FN:5,service
FNF:1
FNH:1
FNDA:4,service
DA:2,1
DA:3,1
DA:6,4
DA:7,2
DA:12,2
DA:15,1
LF:6
LH:6
BRF:0
BRH:0
end_of_record
TN:
SF:services/charge/rave.bank.transfer.js
FN:5,service
FNF:1
FNH:1
FNDA:2,service
DA:2,1
DA:3,1
DA:6,2
DA:7,1
DA:12,1
DA:15,1
LF:6
LH:6
BRF:0
BRH:0
end_of_record
TN:
SF:services/charge/rave.card.charge.js
FN:6,service
FNF:1
FNH:1
FNDA:4,service
DA:1,1
DA:3,1
DA:4,1
DA:7,4
DA:9,2
DA:10,2
DA:11,2
DA:12,2
DA:14,2
DA:20,2
DA:22,1
LF:11
LH:11
BRF:0
BRH:0
end_of_record
TN:
SF:services/charge/rave.enaira.js
FN:5,service
FNF:1
FNH:1
FNDA:4,service
DA:2,1
DA:3,1
DA:6,4
DA:7,2
DA:12,2
DA:15,1
LF:6
LH:6
BRF:0
BRH:0
end_of_record
TN:
SF:services/charge/rave.fawrypay.js
FN:5,service
FNF:1
FNH:1
FNDA:3,service
DA:2,1
DA:3,1
DA:6,3
DA:7,2
DA:12,2
DA:15,1
LF:6
LH:6
BRF:0
BRH:0
end_of_record
TN:
SF:services/charge/rave.googlepay.js
FN:5,service
FNF:1
FNH:1
FNDA:4,service
DA:2,1
DA:3,1
DA:6,4
DA:7,2
DA:12,2
DA:15,1
LF:6
LH:6
BRF:0
BRH:0
end_of_record
TN:
SF:services/charge/rave.ng-banks.js
FN:5,service
FNF:1
FNH:1
FNDA:2,service
DA:2,1
DA:3,1
DA:6,2
DA:7,1
DA:9,1
DA:12,1
LF:6
LH:6
BRF:0
BRH:0
end_of_record
TN:
SF:services/charge/rave.uk-banks.js
FN:5,service
FNF:1
FNH:1
FNDA:1,service
DA:2,1
DA:3,1
DA:6,1
DA:7,1
DA:12,1
DA:15,1
LF:6
LH:6
BRF:0
BRH:0
end_of_record
TN:
SF:services/charge/rave.ussd.js
FN:5,service
FNF:1
FNH:1
FNDA:2,service
DA:2,1
DA:3,1
DA:6,2
DA:7,1
DA:9,1
DA:12,1
LF:6
LH:6
BRF:0
BRH:0
end_of_record
TN:
SF:services/charge/rave.validate.js
FN:5,service
FNF:1
FNH:1
FNDA:1,service
DA:2,1
DA:3,1
DA:6,1
DA:7,1
DA:9,1
DA:12,1
LF:6
LH:6
BRF:0
BRH:0
end_of_record
TN:
SF:services/charge/rave.voucher.js
FNF:0
FNH:0
LF:0
LH:0
BRF:0
BRH:0
end_of_record
TN:
SF:services/ebills/rave.order.js
FN:5,service
FNF:1
FNH:1
FNDA:3,service
DA:2,1
DA:3,1
DA:6,3
DA:7,1
DA:9,1
DA:12,1
LF:6
LH:6
BRF:0
BRH:0
end_of_record
TN:
SF:services/ebills/rave.update.js
FN:5,service
FNF:1
FNH:1
FNDA:1,service
DA:2,1
DA:3,1
DA:6,1
DA:7,1
DA:8,1
DA:13,1
DA:16,1
LF:7
LH:7
BRF:0
BRH:0
end_of_record
TN:
SF:services/misc/rave.balances-currency.js
FN:5,service
FNF:1
FNH:1
FNDA:1,service
DA:2,1
DA:3,1
DA:6,1
DA:7,1
DA:8,1
DA:9,1
DA:14,1
DA:17,1
LF:8
LH:8
BRF:0
BRH:0
end_of_record
TN:
SF:services/misc/rave.balances.js
FN:3,service
FNF:1
FNH:1
FNDA:1,service
DA:1,1
DA:4,1
DA:7,1
LF:3
LH:3
BRF:0
BRH:0
end_of_record
TN:
SF:services/misc/rave.initiate.bvn.js
FN:5,service
FNF:1
FNH:1
FNDA:1,service
DA:2,1
DA:3,1
DA:6,1
DA:7,1
DA:9,1
DA:12,1
LF:6
LH:6
BRF:0
BRH:0
end_of_record
TN:
SF:services/misc/rave.resolve.account.js
FN:5,service
FNF:1
FNH:1
FNDA:1,service
DA:2,1
DA:3,1
DA:6,1
DA:7,1
DA:8,1
DA:10,1
DA:13,1
LF:7
LH:7
BRF:0
BRH:0
end_of_record
TN:
SF:services/misc/rave.verify.bvn.js
FN:5,service
FNF:1
FNH:1
FNDA:1,service
DA:2,1
DA:3,1
DA:6,1
DA:7,1
DA:8,1
DA:9,1
DA:14,1
DA:17,1
LF:8
LH:8
BRF:0
BRH:0
end_of_record
TN:
SF:services/mobile-money/rave.francophone.js
FN:5,service
FNF:1
FNH:1
FNDA:5,service
DA:2,1
DA:3,1
DA:6,5
DA:7,3
DA:12,3
DA:15,1
LF:6
LH:6
BRF:0
BRH:0
end_of_record
TN:
SF:services/mobile-money/rave.ghana.js
FN:5,service
FNF:1
FNH:1
FNDA:3,service
DA:2,1
DA:3,1
DA:6,3
DA:7,1
DA:12,1
DA:15,1
LF:6
LH:6
BRF:0
BRH:0
end_of_record
TN:
SF:services/mobile-money/rave.mpesa.js
FN:5,service
FNF:1
FNH:1
FNDA:3,service
DA:2,1
DA:3,1
DA:6,3
DA:7,2
DA:9,2
DA:12,1
LF:6
LH:6
BRF:0
BRH:0
end_of_record
TN:
SF:services/mobile-money/rave.rwanda.js
FN:5,service
FNF:1
FNH:1
FNDA:2,service
DA:2,1
DA:3,1
DA:6,2
DA:7,1
DA:12,1
DA:15,1
LF:6
LH:6
BRF:0
BRH:0
end_of_record
TN:
SF:services/mobile-money/rave.tanzania.js
FN:5,service
FNF:1
FNH:1
FNDA:2,service
DA:2,1
DA:3,1
DA:6,2
DA:7,1
DA:12,1
DA:15,1
LF:6
LH:6
BRF:0
BRH:0
end_of_record
TN:
SF:services/mobile-money/rave.uganda.js
FN:5,service
FNF:1
FNH:1
FNDA:2,service
DA:2,1
DA:3,1
DA:6,2
DA:7,1
DA:12,1
DA:15,1
LF:6
LH:6
BRF:0
BRH:0
end_of_record
TN:
SF:services/mobile-money/rave.zambia.js
FN:5,service
FNF:1
FNH:1
FNDA:2,service
DA:2,1
DA:3,1
DA:6,2
DA:7,1
DA:12,1
DA:15,1
LF:6
LH:6
BRF:0
BRH:0
end_of_record
TN:
SF:services/otps/rave.create.js
FN:5,service
FNF:1
FNH:1
FNDA:1,service
DA:2,1
DA:3,1
DA:6,1
DA:7,1
DA:9,1
DA:12,1
LF:6
LH:6
BRF:0
BRH:0
end_of_record
TN:
SF:services/otps/rave.validate.js
FN:5,service
FNF:1
FNH:1
FNDA:1,service
DA:2,1
DA:3,1
DA:6,1
DA:7,1
DA:12,1
DA:15,1
LF:6
LH:6
BRF:0
BRH:0
end_of_record
TN:
SF:services/payment-plans/rave.cancel.js
FN:5,service
FNF:1
FNH:1
FNDA:1,service
DA:2,1
DA:3,1
DA:6,1
DA:7,1
DA:8,1
DA:13,1
DA:16,1
LF:7
LH:7
BRF:0
BRH:0
end_of_record
TN:
SF:services/payment-plans/rave.create.js
FN:5,service
FNF:1
FNH:1
FNDA:1,service
DA:2,1
DA:3,1
DA:6,1
DA:7,1
DA:9,1
DA:12,1
LF:6
LH:6
BRF:0
BRH:0
end_of_record
TN:
SF:services/payment-plans/rave.retrieve.all.js
FN:3,service
FNF:1
FNH:1
FNDA:1,service
DA:1,1
DA:4,1
DA:7,1
LF:3
LH:3
BRF:0
BRH:0
end_of_record
TN:
SF:services/payment-plans/rave.retrieve.single.js
FN:5,service
FNF:1
FNH:1
FNDA:1,service
DA:2,1
DA:3,1
DA:6,1
DA:7,1
DA:8,1
DA:13,1
DA:16,1
LF:7
LH:7
BRF:0
BRH:0
end_of_record
TN:
SF:services/payment-plans/rave.update.js
FN:5,service
FNF:1
FNH:1
FNDA:1,service
DA:2,1
DA:3,1
DA:6,1
DA:7,1
DA:8,1
DA:13,1
DA:16,1
LF:7
LH:7
BRF:0
BRH:0
end_of_record
TN:
SF:services/schema/auxillary.js
FN:79,(anonymous_0)
FN:120,(anonymous_1)
FNF:2
FNH:2
FNDA:2,(anonymous_0)
FNDA:2,(anonymous_1)
DA:1,1
DA:4,1
DA:23,1
DA:40,1
DA:45,1
DA:50,1
DA:55,1
DA:62,1
DA:80,2
DA:81,1
DA:82,1
DA:87,1
DA:95,1
DA:100,1
DA:107,1
DA:114,1
DA:121,2
DA:122,1
DA:123,1
DA:130,1
DA:136,1
DA:142,1
DA:149,1
DA:153,1
LF:24
LH:24
BRDA:80,0,0,1
BRDA:80,0,1,1
BRDA:80,1,0,2
BRDA:80,1,1,2
BRDA:121,2,0,1
BRDA:121,2,1,1
BRDA:121,3,0,2
BRDA:121,3,1,2
BRF:8
BRH:8
end_of_record
TN:
SF:services/schema/base.js
FNF:0
FNH:0
DA:1,1
DA:4,1
DA:9,1
DA:48,1
DA:53,1
DA:59,1
LF:6
LH:6
BRF:0
BRH:0
end_of_record
TN:
SF:services/schema/bill.js
FN:49,(anonymous_0)
FNF:1
FNH:1
FNDA:2,(anonymous_0)
DA:1,1
DA:3,1
DA:8,1
DA:17,1
DA:36,1
DA:50,2
DA:51,1
DA:52,1
DA:69,1
DA:73,1
DA:79,1
DA:85,1
LF:12
LH:12
BRDA:50,0,0,1
BRDA:50,0,1,1
BRDA:50,1,0,2
BRDA:50,1,1,2
BRF:4
BRH:4
end_of_record
TN:
SF:services/schema/create.js
FN:28,(anonymous_0)
FN:217,(anonymous_1)
FN:228,(anonymous_2)
FN:277,(anonymous_3)
FN:324,(anonymous_4)
FN:351,(anonymous_5)
FN:361,(anonymous_6)
FN:377,(anonymous_7)
FN:393,(anonymous_8)
FN:409,(anonymous_9)
FN:425,(anonymous_10)
FN:442,(anonymous_11)
FN:458,(anonymous_12)
FN:475,(anonymous_13)
FN:702,(anonymous_14)
FN:776,(anonymous_15)
FNF:16
FNH:16
FNDA:5,(anonymous_0)
FNDA:4,(anonymous_1)
FNDA:2,(anonymous_2)
FNDA:8,(anonymous_3)
FNDA:3,(anonymous_4)
FNDA:19,(anonymous_5)
FNDA:2,(anonymous_6)
FNDA:2,(anonymous_7)
FNDA:2,(anonymous_8)
FNDA:2,(anonymous_9)
FNDA:2,(anonymous_10)
FNDA:2,(anonymous_11)
FNDA:2,(anonymous_12)
FNDA:2,(anonymous_13)
FNDA:2,(anonymous_14)
FNDA:2,(anonymous_15)
DA:1,1
DA:4,1
DA:19,1
DA:29,5
DA:30,1
DA:31,4
DA:53,1
DA:62,1
DA:76,1
DA:92,1
DA:205,1
DA:218,4
DA:219,1
DA:220,3
DA:229,2
DA:230,1
DA:231,1
DA:268,1
DA:278,8
DA:279,3
DA:280,5
DA:315,1
DA:325,3
DA:326,1
DA:327,2
DA:343,1
DA:352,19
DA:353,1
DA:354,18
DA:362,2
DA:363,2
DA:364,2
DA:365,1
DA:367,1
DA:378,2
DA:379,2
DA:380,2
DA:381,1
DA:383,1
DA:394,2
DA:395,2
DA:396,2
DA:397,1
DA:399,1
DA:410,2
DA:411,2
DA:412,2
DA:413,1
DA:415,1
DA:426,2
DA:427,2
DA:428,2
DA:429,1
DA:431,1
DA:443,2
DA:444,2
DA:445,2
DA:446,1
DA:448,1
DA:459,2
DA:460,2
DA:461,2
DA:462,1
DA:464,1
DA:476,2
DA:477,2
DA:478,2
DA:479,1
DA:481,1
DA:518,1
DA:531,1
DA:537,1
DA:552,1
DA:703,2
DA:704,1
DA:705,1
DA:720,1
DA:729,1
DA:744,1
DA:766,1
DA:777,2
DA:778,1
DA:779,1
DA:793,1
DA:804,1
LF:85
LH:85
BRDA:29,0,0,1
BRDA:29,0,1,4
BRDA:29,1,0,5
BRDA:29,1,1,5
BRDA:218,2,0,1
BRDA:218,2,1,3
BRDA:218,3,0,4
BRDA:218,3,1,4
BRDA:218,3,2,4
BRDA:229,4,0,1
BRDA:229,4,1,1
BRDA:229,5,0,2
BRDA:229,5,1,2
BRDA:278,6,0,3
BRDA:278,6,1,5
BRDA:278,7,0,8
BRDA:278,7,1,8
BRDA:325,8,0,1
BRDA:325,8,1,2
BRDA:325,9,0,3
BRDA:325,9,1,3
BRDA:352,10,0,1
BRDA:352,10,1,18
BRDA:352,11,0,19
BRDA:352,11,1,19
BRDA:364,12,0,1
BRDA:364,12,1,1
BRDA:380,13,0,1
BRDA:380,13,1,1
BRDA:396,14,0,1
BRDA:396,14,1,1
BRDA:412,15,0,1
BRDA:412,15,1,1
BRDA:428,16,0,1
BRDA:428,16,1,1
BRDA:445,17,0,1
BRDA:445,17,1,1
BRDA:461,18,0,1
BRDA:461,18,1,1
BRDA:478,19,0,1
BRDA:478,19,1,1
BRDA:703,20,0,1
BRDA:703,20,1,1
BRDA:703,21,0,2
BRDA:703,21,1,2
BRDA:777,22,0,1
BRDA:777,22,1,1
BRDA:777,23,0,2
BRDA:777,23,1,2
BRF:49
BRH:49
end_of_record
TN:
SF:services/settlements/rave.retrieve-all.js
FN:3,service
FNF:1
FNH:1
FNDA:1,service
DA:1,1
DA:4,1
DA:12,1
LF:3
LH:3
BRF:0
BRH:0
end_of_record
TN:
SF:services/settlements/rave.retrieve.js
FN:5,service
FNF:1
FNH:1
FNDA:1,service
DA:2,1
DA:3,1
DA:6,1
DA:7,1
DA:8,1
DA:13,1
DA:16,1
LF:7
LH:7
BRF:0
BRH:0
end_of_record
TN:
SF:services/subscriptions/rave.activate.js
FN:5,service
FNF:1
FNH:1
FNDA:1,service
DA:2,1
DA:3,1
DA:6,1
DA:7,1
DA:8,1
DA:13,1
DA:16,1
LF:7
LH:7
BRF:0
BRH:0
end_of_record
TN:
SF:services/subscriptions/rave.cancel.js
FN:5,service
FNF:1
FNH:1
FNDA:1,service
DA:2,1
DA:3,1
DA:6,1
DA:7,1
DA:8,1
DA:13,1
DA:16,1
LF:7
LH:7
BRF:0
BRH:0
end_of_record
TN:
SF:services/subscriptions/rave.retrieve.all.js
FN:3,service
FNF:1
FNH:1
FNDA:1,service
DA:1,1
DA:4,1
DA:12,1
LF:3
LH:3
BRF:0
BRH:0
end_of_record
TN:
SF:services/subscriptions/rave.retrieve.single.js
FN:5,service
FNF:1
FNH:1
FNDA:1,service
DA:2,1
DA:3,1
DA:6,1
DA:7,1
DA:8,1
DA:10,1
DA:12,1
LF:7
LH:7
BRF:0
BRH:0
end_of_record
TN:
SF:services/tokenized-charges/rave.bulk.charge.js
FN:5,service
FNF:1
FNH:1
FNDA:1,service
DA:2,1
DA:3,1
DA:6,1
DA:7,1
DA:12,1
DA:15,1
LF:6
LH:6
BRF:0
BRH:0
end_of_record
TN:
SF:services/tokenized-charges/rave.charge.js
FN:5,service
FNF:1
FNH:1
FNDA:1,service
DA:2,1
DA:3,1
DA:6,1
DA:7,1
DA:9,1
DA:12,1
LF:6
LH:6
BRF:0
BRH:0
end_of_record
TN:
SF:services/tokenized-charges/rave.retrieve.a.bulk.js
FN:5,service
FNF:1
FNH:1
FNDA:1,service
DA:2,1
DA:3,1
DA:6,1
DA:7,1
DA:8,1
DA:13,1
DA:16,1
LF:7
LH:7
BRF:0
BRH:0
end_of_record
TN:
SF:services/tokenized-charges/rave.retrieve.charge.transactions.js
FN:5,service
FNF:1
FNH:1
FNDA:1,service
DA:2,1
DA:3,1
DA:6,1
DA:7,1
DA:8,1
DA:13,1
DA:15,1
LF:7
LH:7
BRF:0
BRH:0
end_of_record
TN:
SF:services/tokenized-charges/rave.update.tokens.js
FN:5,service
FNF:1
FNH:1
FNDA:2,service
DA:2,1
DA:3,1
DA:6,2
DA:7,1
DA:8,1
DA:13,1
DA:16,1
LF:7
LH:7
BRF:0
BRH:0
end_of_record
TN:
SF:services/transactions/rave.events.js
FN:5,service
FNF:1
FNH:1
FNDA:1,service
DA:2,1
DA:3,1
DA:6,1
DA:7,1
DA:8,1
DA:9,1
DA:14,1
DA:17,1
LF:8
LH:8
BRF:0
BRH:0
end_of_record
TN:
SF:services/transactions/rave.fee.js
FN:5,service
FNF:1
FNH:1
FNDA:1,service
DA:2,1
DA:3,1
DA:6,1
DA:7,1
DA:8,1
DA:9,1
DA:14,1
DA:17,1
LF:8
LH:8
BRF:0
BRH:0
end_of_record
TN:
SF:services/transactions/rave.refund.js
FN:5,service
FNF:1
FNH:1
FNDA:1,service
DA:2,1
DA:3,1
DA:6,1
DA:7,1
DA:8,1
DA:13,1
DA:16,1
LF:7
LH:7
BRF:0
BRH:0
end_of_record
TN:
SF:services/transactions/rave.resend-hooks.js
FN:5,service
FNF:1
FNH:1
FNDA:1,service
DA:2,1
DA:3,1
DA:6,1
DA:7,1
DA:8,1
DA:13,1
DA:16,1
LF:7
LH:7
BRF:0
BRH:0
end_of_record
TN:
SF:services/transactions/rave.retrieve.js
FN:3,service
FNF:1
FNH:1
FNDA:1,service
DA:1,1
DA:4,1
DA:12,1
LF:3
LH:3
BRF:0
BRH:0
end_of_record
TN:
SF:services/transactions/rave.verify-by-txref.js
FN:5,service
FNF:1
FNH:1
FNDA:1,service
DA:1,1
DA:3,1
DA:6,1
DA:7,1
DA:8,1
DA:9,1
DA:14,1
DA:16,1
LF:8
LH:8
BRF:0
BRH:0
end_of_record
TN:
SF:services/transactions/rave.verify.js
FN:5,service
FNF:1
FNH:1
FNDA:1,service
DA:2,1
DA:3,1
DA:6,1
DA:7,1
DA:8,1
DA:9,1
DA:14,1
DA:17,1
LF:8
LH:8
BRF:0
BRH:0
end_of_record
TN:
SF:services/transfers/rave.bulk.js
FN:5,service
FNF:1
FNH:1
FNDA:1,service
DA:2,1
DA:3,1
DA:6,1
DA:7,1
DA:9,1
DA:12,1
LF:6
LH:6
BRF:0
BRH:0
end_of_record
TN:
SF:services/transfers/rave.fee.js
FN:6,service
FNF:1
FNH:1
FNDA:1,service
DA:1,1
DA:3,1
DA:7,1
DA:8,1
DA:9,1
DA:10,1
DA:15,1
DA:17,1
LF:8
LH:8
BRF:0
BRH:0
end_of_record
TN:
SF:services/transfers/rave.fetch.js
FN:5,service
FNF:1
FNH:1
FNDA:1,service
DA:2,1
DA:3,1
DA:6,1
DA:7,1
DA:8,1
DA:9,1
DA:14,1
DA:17,1
LF:8
LH:8
BRF:0
BRH:0
end_of_record
TN:
SF:services/transfers/rave.initiate.js
FN:5,service
FNF:1
FNH:1
FNDA:3,service
DA:2,1
DA:3,1
DA:6,3
DA:7,2
DA:9,2
DA:12,1
LF:6
LH:6
BRF:0
BRH:0
end_of_record
TN:
SF:services/transfers/rave.retrieve.transfers.js
FN:3,service
FNF:1
FNH:1
FNDA:1,service
DA:1,1
DA:4,1
DA:7,1
LF:3
LH:3
BRF:0
BRH:0
end_of_record
TN:
SF:services/transfers/rave.wallet.js
FN:5,service
FNF:1
FNH:1
FNDA:1,service
DA:2,1
DA:3,1
DA:6,1
DA:7,1
DA:9,1
DA:12,1
LF:6
LH:6
BRF:0
BRH:0
end_of_record
TN:
SF:utils/build.js
FN:7,enforceRequired
FN:12,(anonymous_1)
FN:28,handleEmptyFetch
FNF:3
FNH:3
FNDA:2,enforceRequired
FNDA:2,(anonymous_1)
FNDA:9,handleEmptyFetch
DA:1,1
DA:2,1
DA:4,1
DA:8,2
DA:9,1
DA:12,1
DA:13,2
DA:24,1
DA:29,9
DA:30,2
DA:31,2
DA:33,2
DA:35,2
DA:38,2
DA:41,7
DA:42,7
DA:44,7
DA:45,7
DA:48,7
DA:51,1
LF:20
LH:20
BRDA:8,0,0,1
BRDA:8,0,1,1
BRDA:29,1,0,2
BRDA:29,1,1,7
BRDA:29,2,0,9
BRDA:29,2,1,7
BRDA:35,3,0,2
BRDA:35,3,1,0
BRDA:45,4,0,7
BRDA:45,4,1,0
BRF:10
BRH:8
end_of_record
TN:
SF:utils/error.js
FN:4,(anonymous_0)
FN:11,(anonymous_1)
FNF:2
FNH:2
FNDA:27,(anonymous_0)
FNDA:2,(anonymous_1)
DA:1,1
DA:5,27
DA:6,27
DA:7,27
DA:11,1
DA:12,2
DA:13,1
DA:15,1
DA:19,1
LF:9
LH:9
BRDA:12,0,0,1
BRDA:12,0,1,1
BRF:2
BRH:2
end_of_record
TN:
SF:utils/logger.js
FNF:0
FNH:0
DA:1,1
DA:2,1
DA:3,1
DA:4,1
DA:19,1
DA:33,1
LF:6
LH:6
BRF:0
BRH:0
end_of_record
TN:
SF:utils/rave.utils.js
FN:4,(anonymous_0)
FN:11,(anonymous_1)
FNF:2
FNH:2
FNDA:83,(anonymous_0)
FNDA:6,(anonymous_1)
DA:1,1
DA:4,1
DA:5,83
DA:6,83
DA:7,83
DA:8,1
DA:11,1
DA:12,6
DA:16,1
LF:9
LH:9
BRDA:5,0,0,83
BRDA:5,0,1,0
BRDA:6,1,0,83
BRDA:6,1,1,83
BRDA:7,2,0,1
BRDA:7,2,1,82
BRDA:7,3,0,83
BRDA:7,3,1,82
BRDA:12,4,0,6
BRDA:12,4,1,2
BRF:10
BRH:9
end_of_record
TN:
SF:utils/validator.js
FN:4,(anonymous_0)
FN:9,(anonymous_1)
FNF:2
FNH:2
FNDA:107,(anonymous_0)
FNDA:26,(anonymous_1)
DA:1,1
DA:2,1
DA:4,1
DA:5,107
DA:6,107
DA:8,107
DA:9,26
DA:10,26
LF:8
LH:8
BRDA:8,0,0,26
BRDA:8,0,1,81
BRF:2
BRH:2
end_of_record
